<?xml version="1.0" encoding="utf-8"?>
<log version="1.0" tool="runtool">

<msg id="1" tool="runtool">
  <type>log-start</type>
  <arg>2021/05/20 23:10:18</arg>
</msg>
<msg id="2" tool="runtool">
  <type>bandwidth-measurement-starts</type>
</msg>
<msg id="3" tool="runtool">
  <type>bandwidth-measurement-done</type>
</msg>
<msg id="4" tool="runtool">
  <type>collector-starts</type>
</msg>
<msg id="5" tool="runtool">
  <type>marker-file</type>
  <arg>/home/users/fpmjunior/ccpe/NPB/NPB3.4-OMP-autocompilingimprovements/experiments_new/og-intel-otm0-noftrace-advisor/out_intel/e000/trc007/trc007.advixe</arg>
</msg>
<msg id="6" tool="trc">
  <type>PROCESS_START</type>
  <arg>/home/users/fpmjunior/ccpe/NPB/NPB3.4-OMP-autocompilingimprovements/bin/bin_intel/ua.C.x</arg>
  <arg>63487</arg>
  <severity>INFO</severity>
  <timestamp>Thu May 20 23:10:31 2021</timestamp>
</msg>
<msg id="7" tool="trc">
  <type>PROCESS_ANALYSIS_MODE</type>
  <arg>full</arg>
  <severity>INFO</severity>
  <timestamp>Thu May 20 23:10:31 2021</timestamp>
</msg>
<msg id="8" tool="trc">
  <type>LOAD_MODULE</type>
  <arg>/home/users/fpmjunior/ccpe/NPB/NPB3.4-OMP-autocompilingimprovements/bin/bin_intel/ua.C.x</arg>
  <arg>0x400000</arg>
  <arg>0x1179aa7</arg>
  <arg>yes</arg>
  <severity>INFO</severity>
  <timestamp>Thu May 20 23:10:31 2021</timestamp>
</msg>
<msg id="9" tool="trc">
  <type>LOAD_MODULE</type>
  <arg>/lib64/ld-linux-x86-64.so.2</arg>
  <arg>0x7fb80992b000</arg>
  <arg>0x7fb809b4e14f</arg>
  <arg>yes</arg>
  <severity>INFO</severity>
  <timestamp>Thu May 20 23:10:31 2021</timestamp>
</msg>
<msg id="10" tool="trc">
  <type>LOAD_MODULE</type>
  <arg>[vdso]</arg>
  <arg>0x7ffd4b387000</arg>
  <arg>0x7ffd4b387e6c</arg>
  <arg>no</arg>
  <severity>INFO</severity>
  <timestamp>Thu May 20 23:10:31 2021</timestamp>
</msg>
<msg id="11" tool="trc">
  <type>LOAD_MODULE</type>
  <arg>/lib64/libm.so.6</arg>
  <arg>0x7fb7f2f80000</arg>
  <arg>0x7fb7f3281137</arg>
  <arg>yes</arg>
  <severity>INFO</severity>
  <timestamp>Thu May 20 23:10:31 2021</timestamp>
</msg>
<msg id="12" tool="trc">
  <type>LOAD_MODULE</type>
  <arg>/home/intel/oneapi/compiler/2021.1.1/linux/compiler/lib/intel64_lin/libiomp5.so</arg>
  <arg>0x7fb7f2b52000</arg>
  <arg>0x7fb7f2f589df</arg>
  <arg>yes</arg>
  <severity>INFO</severity>
  <timestamp>Thu May 20 23:10:31 2021</timestamp>
</msg>
<msg id="13" tool="trc">
  <type>LOAD_MODULE</type>
  <arg>/lib64/libpthread.so.0</arg>
  <arg>0x7fb7f2936000</arg>
  <arg>0x7fb7f2b51487</arg>
  <arg>yes</arg>
  <severity>INFO</severity>
  <timestamp>Thu May 20 23:10:31 2021</timestamp>
</msg>
<msg id="14" tool="trc">
  <type>LOAD_MODULE</type>
  <arg>/lib64/libc.so.6</arg>
  <arg>0x7fb7f2568000</arg>
  <arg>0x7fb7f29351ff</arg>
  <arg>yes</arg>
  <severity>INFO</severity>
  <timestamp>Thu May 20 23:10:31 2021</timestamp>
</msg>
<msg id="15" tool="trc">
  <type>LOAD_MODULE</type>
  <arg>/usr/local/gcc-10.2.0/lib64/libgcc_s.so.1</arg>
  <arg>0x7fb7f2350000</arg>
  <arg>0x7fb7f2567447</arg>
  <arg>yes</arg>
  <severity>INFO</severity>
  <timestamp>Thu May 20 23:10:31 2021</timestamp>
</msg>
<msg id="16" tool="trc">
  <type>LOAD_MODULE</type>
  <arg>/lib64/libdl.so.2</arg>
  <arg>0x7fb7f214c000</arg>
  <arg>0x7fb7f234f12f</arg>
  <arg>yes</arg>
  <severity>INFO</severity>
  <timestamp>Thu May 20 23:10:31 2021</timestamp>
</msg>
<msg id="17" tool="trc">
  <type>LOAD_MODULE</type>
  <arg>/home/intel/oneapi/advisor/2021.1.1/lib64/runtime/libittnotify.so</arg>
  <arg>0x7fb7f1044000</arg>
  <arg>0x7fb7f125065f</arg>
  <arg>no</arg>
  <severity>INFO</severity>
  <timestamp>Thu May 20 23:10:31 2021</timestamp>
</msg>
<msg id="18" tool="trc">
  <type>LOAD_MODULE</type>
  <arg>/home/intel/oneapi/advisor/2021.1.1/lib64/libpinjitprofiling.so</arg>
  <arg>0x7fb7f0d5c000</arg>
  <arg>0x7fb7f0f5d00f</arg>
  <arg>no</arg>
  <severity>INFO</severity>
  <timestamp>Thu May 20 23:10:31 2021</timestamp>
</msg>
<msg id="19" tool="trc">
  <type>LOAD_MODULE</type>
  <arg>/usr/local/gcc-10.2.0/lib64/libstdc++.so.6</arg>
  <arg>0x7fb7f098f000</arg>
  <arg>0x7fb7f0d5b8ff</arg>
  <arg>no</arg>
  <severity>INFO</severity>
  <timestamp>Thu May 20 23:10:31 2021</timestamp>
</msg>
<msg id="20" tool="trc">
  <type>UNLOAD_MODULE</type>
  <arg>/home/users/fpmjunior/ccpe/NPB/NPB3.4-OMP-autocompilingimprovements/bin/bin_intel/ua.C.x</arg>
  <severity>INFO</severity>
  <timestamp>Thu May 20 23:18:17 2021</timestamp>
</msg>
<msg id="21" tool="trc">
  <type>UNLOAD_MODULE</type>
  <arg>/lib64/ld-linux-x86-64.so.2</arg>
  <severity>INFO</severity>
  <timestamp>Thu May 20 23:18:17 2021</timestamp>
</msg>
<msg id="22" tool="trc">
  <type>UNLOAD_MODULE</type>
  <arg>[vdso]</arg>
  <severity>INFO</severity>
  <timestamp>Thu May 20 23:18:17 2021</timestamp>
</msg>
<msg id="23" tool="trc">
  <type>UNLOAD_MODULE</type>
  <arg>/lib64/libm.so.6</arg>
  <severity>INFO</severity>
  <timestamp>Thu May 20 23:18:17 2021</timestamp>
</msg>
<msg id="24" tool="trc">
  <type>UNLOAD_MODULE</type>
  <arg>/home/intel/oneapi/compiler/2021.1.1/linux/compiler/lib/intel64_lin/libiomp5.so</arg>
  <severity>INFO</severity>
  <timestamp>Thu May 20 23:18:17 2021</timestamp>
</msg>
<msg id="25" tool="trc">
  <type>UNLOAD_MODULE</type>
  <arg>/lib64/libpthread.so.0</arg>
  <severity>INFO</severity>
  <timestamp>Thu May 20 23:18:17 2021</timestamp>
</msg>
<msg id="26" tool="trc">
  <type>UNLOAD_MODULE</type>
  <arg>/lib64/libc.so.6</arg>
  <severity>INFO</severity>
  <timestamp>Thu May 20 23:18:17 2021</timestamp>
</msg>
<msg id="27" tool="trc">
  <type>UNLOAD_MODULE</type>
  <arg>/usr/local/gcc-10.2.0/lib64/libgcc_s.so.1</arg>
  <severity>INFO</severity>
  <timestamp>Thu May 20 23:18:17 2021</timestamp>
</msg>
<msg id="28" tool="trc">
  <type>UNLOAD_MODULE</type>
  <arg>/lib64/libdl.so.2</arg>
  <severity>INFO</severity>
  <timestamp>Thu May 20 23:18:17 2021</timestamp>
</msg>
<msg id="29" tool="trc">
  <type>UNLOAD_MODULE</type>
  <arg>/home/intel/oneapi/advisor/2021.1.1/lib64/runtime/libittnotify.so</arg>
  <severity>INFO</severity>
  <timestamp>Thu May 20 23:18:17 2021</timestamp>
</msg>
<msg id="30" tool="trc">
  <type>UNLOAD_MODULE</type>
  <arg>/home/intel/oneapi/advisor/2021.1.1/lib64/libpinjitprofiling.so</arg>
  <severity>INFO</severity>
  <timestamp>Thu May 20 23:18:17 2021</timestamp>
</msg>
<msg id="31" tool="trc">
  <type>UNLOAD_MODULE</type>
  <arg>DynamicCodeBin</arg>
  <severity>INFO</severity>
  <timestamp>Thu May 20 23:18:17 2021</timestamp>
</msg>
<msg id="32" tool="trc">
  <type>UNLOAD_MODULE</type>
  <arg>/usr/local/gcc-10.2.0/lib64/libstdc++.so.6</arg>
  <severity>INFO</severity>
  <timestamp>Thu May 20 23:18:17 2021</timestamp>
</msg>
<msg id="33" tool="trc">
  <type>PROCESS_FINISH</type>
  <arg>/home/users/fpmjunior/ccpe/NPB/NPB3.4-OMP-autocompilingimprovements/bin/bin_intel/ua.C.x</arg>
  <arg>63487</arg>
  <arg>0x0</arg>
  <severity>INFO</severity>
  <timestamp>Thu May 20 23:18:17 2021</timestamp>
</msg>
<msg id="34" tool="runtool">
  <type>app-exit-code</type>
  <arg>0</arg>
</msg>
<msg id="35" tool="runtool">
  <type>marker-file</type>
  <arg>/home/users/fpmjunior/ccpe/NPB/NPB3.4-OMP-autocompilingimprovements/experiments_new/og-intel-otm0-noftrace-advisor/out_intel/e000/trc007/trc007.advixe</arg>
</msg>
<msg id="36" tool="runtool">
  <type>collector-done</type>
</msg>
<msg id="37" tool="runtool">
  <type>log-end</type>
  <arg>2021/05/20 23:18:21</arg>
</msg>

</log>

