
76985 : 0x78c46a49ed85a : 1 : spill_jit_data :  Jit agent is not initialized
76985 : 0x78c46a49f909e : 2 : ittapi_config_mask_get :  --itt-config mask to be applied: 183
76985 : 0x78c46a49fb18d : 2 : ittapi_config_apply_per_lib :  ITTAPI function instrumented: __itt_domain_create
76985 : 0x78c46a49fb8f1 : 2 : ittapi_config_apply_per_lib :  ITTAPI function instrumented: __itt_module_load_with_sections
76985 : 0x78c46a49fc382 : 2 : ittapi_config_apply_per_lib :  ITTAPI function not implemented: __itt_module_unload_with_sections
76985 : 0x78c46a49fcb69 : 2 : ittapi_config_apply_per_lib :  ITTAPI function instrumented: __itt_string_handle_create
76985 : 0x78c46a49fd118 : 2 : ittapi_config_apply_per_lib :  ITTAPI function instrumented: __itt_counter_create
76985 : 0x78c46a49fd6f4 : 2 : ittapi_config_apply_per_lib :  ITTAPI function instrumented: __itt_counter_create_typed
76985 : 0x78c46a49fdda3 : 2 : ittapi_config_apply_per_lib :  ITTAPI function instrumented: __itt_pause
76985 : 0x78c46a49fe38b : 2 : ittapi_config_apply_per_lib :  ITTAPI function instrumented: __itt_resume
76985 : 0x78c46a4a09bfd : 2 : ittapi_config_apply_per_lib :  ITTAPI function instrumented: __itt_thread_set_name
76985 : 0x78c46a4a0a787 : 2 : ittapi_config_apply_per_lib :  ITTAPI function instrumented: __itt_thread_ignore
76985 : 0x78c46a4a0ad64 : 2 : ittapi_config_apply_per_lib :  ITTAPI function instrumented: __itt_thr_name_set
76985 : 0x78c46a4a0b405 : 2 : ittapi_config_apply_per_lib :  ITTAPI function instrumented: __itt_thr_ignore
76985 : 0x78c46a4a0bff7 : 2 : ittapi_config_apply_per_lib :  ITTAPI function not implemented: __itt_enable_attach
76985 : 0x78c46a4a0c84a : 2 : ittapi_config_apply_per_lib :  ITTAPI function instrumented: __itt_detach
76985 : 0x78c46a4a0cd5e : 2 : ittapi_config_apply_per_lib :  ITTAPI function NOT instrumented (not matched by --itt-config option): __itt_sync_create

76985 : 0x78c46a4a0d2d1 : 2 : ittapi_config_apply_per_lib :  ITTAPI function NOT instrumented (not matched by --itt-config option): __itt_sync_rename

76985 : 0x78c46a4a0d7fc : 2 : ittapi_config_apply_per_lib :  ITTAPI function NOT instrumented (not matched by --itt-config option): __itt_sync_destroy

76985 : 0x78c46a4a0dd4f : 2 : ittapi_config_apply_per_lib :  ITTAPI function NOT instrumented (not matched by --itt-config option): __itt_sync_prepare

76985 : 0x78c46a4a105b0 : 2 : ittapi_config_apply_per_lib :  ITTAPI function NOT instrumented (not matched by --itt-config option): __itt_sync_cancel

76985 : 0x78c46a4a10b12 : 2 : ittapi_config_apply_per_lib :  ITTAPI function NOT instrumented (not matched by --itt-config option): __itt_sync_acquired

76985 : 0x78c46a4a11028 : 2 : ittapi_config_apply_per_lib :  ITTAPI function NOT instrumented (not matched by --itt-config option): __itt_sync_releasing

76985 : 0x78c46a4a11a88 : 2 : ittapi_config_apply_per_lib :  ITTAPI function not implemented: __itt_suppress_push
76985 : 0x78c46a4a12308 : 2 : ittapi_config_apply_per_lib :  ITTAPI function not implemented: __itt_suppress_pop
76985 : 0x78c46a4a12a0b : 2 : ittapi_config_apply_per_lib :  ITTAPI function not implemented: __itt_suppress_mark_range
76985 : 0x78c46a4a13175 : 2 : ittapi_config_apply_per_lib :  ITTAPI function not implemented: __itt_suppress_clear_range
76985 : 0x78c46a4a1363a : 2 : ittapi_config_apply_per_lib :  ITTAPI function NOT instrumented (not matched by --itt-config option): __itt_sync_prepare

76985 : 0x78c46a4a13b28 : 2 : ittapi_config_apply_per_lib :  ITTAPI function NOT instrumented (not matched by --itt-config option): __itt_sync_cancel

76985 : 0x78c46a4a13fc3 : 2 : ittapi_config_apply_per_lib :  ITTAPI function NOT instrumented (not matched by --itt-config option): __itt_sync_acquired

76985 : 0x78c46a4a1535f : 2 : ittapi_config_apply_per_lib :  ITTAPI function NOT instrumented (not matched by --itt-config option): __itt_sync_releasing

76985 : 0x78c46a4a15b57 : 2 : ittapi_config_apply_per_lib :  ITTAPI function instrumented: __itt_model_site_begin
76985 : 0x78c46a4a161c0 : 2 : ittapi_config_apply_per_lib :  ITTAPI function instrumented: __itt_model_site_end
76985 : 0x78c46a4a1671f : 2 : ittapi_config_apply_per_lib :  ITTAPI function instrumented: __itt_model_task_begin
76985 : 0x78c46a4a16c47 : 2 : ittapi_config_apply_per_lib :  ITTAPI function instrumented: __itt_model_task_end
76985 : 0x78c46a4a17250 : 2 : ittapi_config_apply_per_lib :  ITTAPI function instrumented: __itt_model_lock_acquire
76985 : 0x78c46a4a1780c : 2 : ittapi_config_apply_per_lib :  ITTAPI function instrumented: __itt_model_lock_release
76985 : 0x78c46a4a17e91 : 2 : ittapi_config_apply_per_lib :  ITTAPI function not implemented: __itt_model_record_allocation
76985 : 0x78c46a4a18585 : 2 : ittapi_config_apply_per_lib :  ITTAPI function not implemented: __itt_model_record_deallocation
76985 : 0x78c46a4a18c3b : 2 : ittapi_config_apply_per_lib :  ITTAPI function not implemented: __itt_model_induction_uses
76985 : 0x78c46a4a1acf9 : 2 : ittapi_config_apply_per_lib :  ITTAPI function not implemented: __itt_model_reduction_uses
76985 : 0x78c46a4a1b75c : 2 : ittapi_config_apply_per_lib :  ITTAPI function not implemented: __itt_model_observe_uses
76985 : 0x78c46a4a1c2a0 : 2 : ittapi_config_apply_per_lib :  ITTAPI function not implemented: __itt_model_clear_uses
76985 : 0x78c46a4a1c905 : 2 : ittapi_config_apply_per_lib :  ITTAPI function instrumented: __itt_model_site_beginA
76985 : 0x78c46a4a1d038 : 2 : ittapi_config_apply_per_lib :  ITTAPI function instrumented: __itt_model_site_beginAL
76985 : 0x78c46a4a1d52d : 2 : ittapi_config_apply_per_lib :  ITTAPI function instrumented: __itt_model_task_beginA
76985 : 0x78c46a4a1dbb4 : 2 : ittapi_config_apply_per_lib :  ITTAPI function instrumented: __itt_model_task_beginAL
76985 : 0x78c46a4a1e3c6 : 2 : ittapi_config_apply_per_lib :  ITTAPI function instrumented: __itt_model_iteration_taskA
76985 : 0x78c46a4a1ea3e : 2 : ittapi_config_apply_per_lib :  ITTAPI function instrumented: __itt_model_iteration_taskAL
76985 : 0x78c46a4a1f0fa : 2 : ittapi_config_apply_per_lib :  ITTAPI function instrumented: __itt_model_site_end_2
76985 : 0x78c46a4a2079d : 2 : ittapi_config_apply_per_lib :  ITTAPI function instrumented: __itt_model_task_end_2
76985 : 0x78c46a4a20d31 : 2 : ittapi_config_apply_per_lib :  ITTAPI function instrumented: __itt_model_lock_acquire_2
76985 : 0x78c46a4a212dc : 2 : ittapi_config_apply_per_lib :  ITTAPI function instrumented: __itt_model_lock_release_2
76985 : 0x78c46a4a217be : 2 : ittapi_config_apply_per_lib :  ITTAPI function instrumented: __itt_model_aggregate_task
76985 : 0x78c46a4a21cf6 : 2 : ittapi_config_apply_per_lib :  ITTAPI function instrumented: __itt_model_disable_push
76985 : 0x78c46a4a221e2 : 2 : ittapi_config_apply_per_lib :  ITTAPI function instrumented: __itt_model_disable_pop
76985 : 0x78c46a4a226fe : 2 : ittapi_config_apply_per_lib :  ITTAPI function instrumented: __itt_heap_function_create
76985 : 0x78c46a4a22c68 : 2 : ittapi_config_apply_per_lib :  ITTAPI function instrumented: __itt_heap_allocate_begin
76985 : 0x78c46a4a231c4 : 2 : ittapi_config_apply_per_lib :  ITTAPI function instrumented: __itt_heap_allocate_end
76985 : 0x78c46a4a2377e : 2 : ittapi_config_apply_per_lib :  ITTAPI function instrumented: __itt_heap_free_begin
76985 : 0x78c46a4a2530a : 2 : ittapi_config_apply_per_lib :  ITTAPI function instrumented: __itt_heap_free_end
76985 : 0x78c46a4a258e2 : 2 : ittapi_config_apply_per_lib :  ITTAPI function instrumented: __itt_heap_reallocate_begin
76985 : 0x78c46a4a25e15 : 2 : ittapi_config_apply_per_lib :  ITTAPI function instrumented: __itt_heap_reallocate_end
76985 : 0x78c46a4a265ee : 2 : ittapi_config_apply_per_lib :  ITTAPI function not implemented: __itt_heap_internal_access_begin
76985 : 0x78c46a4a26d70 : 2 : ittapi_config_apply_per_lib :  ITTAPI function not implemented: __itt_heap_internal_access_end
76985 : 0x78c46a4a27411 : 2 : ittapi_config_apply_per_lib :  ITTAPI function not implemented: __itt_heap_record_memory_growth_begin
76985 : 0x78c46a4a27ad7 : 2 : ittapi_config_apply_per_lib :  ITTAPI function not implemented: __itt_heap_record_memory_growth_end
76985 : 0x78c46a4a281f9 : 2 : ittapi_config_apply_per_lib :  ITTAPI function not implemented: __itt_heap_reset_detection
76985 : 0x78c46a4a2889d : 2 : ittapi_config_apply_per_lib :  ITTAPI function not implemented: __itt_heap_record
76985 : 0x78c46a4a28ee2 : 2 : ittapi_config_apply_per_lib :  ITTAPI function not implemented: __itt_id_create
76985 : 0x78c46a4a2af1a : 2 : ittapi_config_apply_per_lib :  ITTAPI function not implemented: __itt_id_destroy
76985 : 0x78c46a4a2b4eb : 2 : ittapi_config_apply_per_lib :  ITTAPI function instrumented: __itt_get_timestamp
76985 : 0x78c46a4a2bb22 : 2 : ittapi_config_apply_per_lib :  ITTAPI function not implemented: __itt_region_begin
76985 : 0x78c46a4a2c1ad : 2 : ittapi_config_apply_per_lib :  ITTAPI function not implemented: __itt_region_end
76985 : 0x78c46a4a2cea4 : 2 : ittapi_config_apply_per_lib :  ITTAPI function instrumented: __itt_frame_begin_v3
76985 : 0x78c46a4a2d4c7 : 2 : ittapi_config_apply_per_lib :  ITTAPI function instrumented: __itt_frame_end_v3
76985 : 0x78c46a4a2da1d : 2 : ittapi_config_apply_per_lib :  ITTAPI function instrumented: __itt_frame_submit_v3
76985 : 0x78c46a4a2e038 : 2 : ittapi_config_apply_per_lib :  ITTAPI function not implemented: __itt_task_group
76985 : 0x78c46a4a2e630 : 2 : ittapi_config_apply_per_lib :  ITTAPI function instrumented: __itt_task_begin
76985 : 0x78c46a4a2eb8f : 2 : ittapi_config_apply_per_lib :  ITTAPI function instrumented: __itt_task_begin_fn
76985 : 0x78c46a4a3036f : 2 : ittapi_config_apply_per_lib :  ITTAPI function instrumented: __itt_task_end
76985 : 0x78c46a4a30b0e : 2 : ittapi_config_apply_per_lib :  ITTAPI function not implemented: __itt_counter_inc_v3
76985 : 0x78c46a4a311cf : 2 : ittapi_config_apply_per_lib :  ITTAPI function not implemented: __itt_counter_inc_delta_v3
76985 : 0x78c46a4a31904 : 2 : ittapi_config_apply_per_lib :  ITTAPI function not implemented: __itt_counter_dec_v3
76985 : 0x78c46a4a32091 : 2 : ittapi_config_apply_per_lib :  ITTAPI function not implemented: __itt_counter_dec_delta_v3
76985 : 0x78c46a4a3276b : 2 : ittapi_config_apply_per_lib :  ITTAPI function not implemented: __itt_marker
76985 : 0x78c46a4a32cf8 : 2 : ittapi_config_apply_per_lib :  ITTAPI function instrumented: __itt_metadata_add
76985 : 0x78c46a4a333a0 : 2 : ittapi_config_apply_per_lib :  ITTAPI function not implemented: __itt_metadata_str_add
76985 : 0x78c46a4a33a49 : 2 : ittapi_config_apply_per_lib :  ITTAPI function not implemented: __itt_relation_add_to_current
76985 : 0x78c46a4a340c5 : 2 : ittapi_config_apply_per_lib :  ITTAPI function not implemented: __itt_relation_add
76985 : 0x78c46a4a35bda : 2 : ittapi_config_apply_per_lib :  ITTAPI function instrumented: __itt_event_create
76985 : 0x78c46a4a361c7 : 2 : ittapi_config_apply_per_lib :  ITTAPI function instrumented: __itt_event_start
76985 : 0x78c46a4a366f2 : 2 : ittapi_config_apply_per_lib :  ITTAPI function instrumented: __itt_event_end
76985 : 0x78c46a4a36bae : 2 : ittapi_config_apply_per_lib :  ITTAPI function NOT instrumented (not matched by --itt-config option): __itt_sync_set_name

76985 : 0x78c46a4a370df : 2 : ittapi_config_apply_per_lib :  ITTAPI function NOT instrumented (not matched by --itt-config option): __itt_notify_sync_name

76985 : 0x78c46a4a37584 : 2 : ittapi_config_apply_per_lib :  ITTAPI function NOT instrumented (not matched by --itt-config option): __itt_notify_sync_prepare

76985 : 0x78c46a4a37a28 : 2 : ittapi_config_apply_per_lib :  ITTAPI function NOT instrumented (not matched by --itt-config option): __itt_notify_sync_cancel

76985 : 0x78c46a4a37e86 : 2 : ittapi_config_apply_per_lib :  ITTAPI function NOT instrumented (not matched by --itt-config option): __itt_notify_sync_acquired

76985 : 0x78c46a4a383a2 : 2 : ittapi_config_apply_per_lib :  ITTAPI function NOT instrumented (not matched by --itt-config option): __itt_notify_sync_releasing

76985 : 0x78c46a4a38a88 : 2 : ittapi_config_apply_per_lib :  ITTAPI function not implemented: __itt_memory_read
76985 : 0x78c46a4a3a4e0 : 2 : ittapi_config_apply_per_lib :  ITTAPI function not implemented: __itt_memory_write
76985 : 0x78c46a4a3ab13 : 2 : ittapi_config_apply_per_lib :  ITTAPI function not implemented: __itt_memory_update
76985 : 0x78c46a4a3b193 : 2 : ittapi_config_apply_per_lib :  ITTAPI function not implemented: __itt_state_get
76985 : 0x78c46a4a3b7a8 : 2 : ittapi_config_apply_per_lib :  ITTAPI function not implemented: __itt_state_set
76985 : 0x78c46a4a3be1a : 2 : ittapi_config_apply_per_lib :  ITTAPI function not implemented: __itt_obj_mode_set
76985 : 0x78c46a4a3c42f : 2 : ittapi_config_apply_per_lib :  ITTAPI function not implemented: __itt_thr_mode_set
76985 : 0x78c46a4a3c955 : 2 : ittapi_config_apply_per_lib :  ITTAPI function instrumented: __itt_frame_create
76985 : 0x78c46a4a3ce9a : 2 : ittapi_config_apply_per_lib :  ITTAPI function instrumented: __itt_pt_region_create
76985 : 0x78c46a4a3d420 : 2 : ittapi_config_apply_per_lib :  ITTAPI function instrumented: __itt_frame_begin
76985 : 0x78c46a4a3d9bb : 2 : ittapi_config_apply_per_lib :  ITTAPI function instrumented: __itt_frame_end
76985 : 0x78c46a4a3fb69 : 2 : ittapi_config_apply_per_lib :  ITTAPI function not implemented: __itt_counter_destroy
76985 : 0x78c46a4a401d7 : 2 : ittapi_config_apply_per_lib :  ITTAPI function instrumented: __itt_counter_inc
76985 : 0x78c46a4a407a9 : 2 : ittapi_config_apply_per_lib :  ITTAPI function instrumented: __itt_counter_inc_delta
76985 : 0x78c46a4a40cea : 2 : ittapi_config_apply_per_lib :  ITTAPI function instrumented: __itt_counter_dec
76985 : 0x78c46a4a4125b : 2 : ittapi_config_apply_per_lib :  ITTAPI function instrumented: __itt_counter_dec_delta
76985 : 0x78c46a4a417cb : 2 : ittapi_config_apply_per_lib :  ITTAPI function instrumented: __itt_counter_set_value
76985 : 0x78c46a4a41e74 : 2 : ittapi_config_apply_per_lib :  ITTAPI function not implemented: __itt_counter_set_value_ex
76985 : 0x78c46a4a424d7 : 2 : ittapi_config_apply_per_lib :  ITTAPI function not implemented: __itt_mark_create
76985 : 0x78c46a4a42c68 : 2 : ittapi_config_apply_per_lib :  ITTAPI function not implemented: __itt_mark
76985 : 0x78c46a4a432ea : 2 : ittapi_config_apply_per_lib :  ITTAPI function not implemented: __itt_mark_off
76985 : 0x78c46a4a448a1 : 2 : ittapi_config_apply_per_lib :  ITTAPI function not implemented: __itt_mark_global
76985 : 0x78c46a4a44f18 : 2 : ittapi_config_apply_per_lib :  ITTAPI function not implemented: __itt_mark_global_off
76985 : 0x78c46a4a454e9 : 2 : ittapi_config_apply_per_lib :  ITTAPI function instrumented: __itt_stack_caller_create
76985 : 0x78c46a4a45a9f : 2 : ittapi_config_apply_per_lib :  ITTAPI function instrumented: __itt_stack_caller_destroy
76985 : 0x78c46a4a4608b : 2 : ittapi_config_apply_per_lib :  ITTAPI function instrumented: __itt_stack_callee_enter
76985 : 0x78c46a4a465ad : 2 : ittapi_config_apply_per_lib :  ITTAPI function instrumented: __itt_stack_callee_leave
76985 : 0x78c46a4a46bfa : 2 : ittapi_config_apply_per_lib :  ITTAPI function not implemented: __itt_clock_domain_create
76985 : 0x78c46a4a47264 : 2 : ittapi_config_apply_per_lib :  ITTAPI function not implemented: __itt_clock_domain_reset
76985 : 0x78c46a4a478b3 : 2 : ittapi_config_apply_per_lib :  ITTAPI function not implemented: __itt_id_create_ex
76985 : 0x78c46a4a47ecb : 2 : ittapi_config_apply_per_lib :  ITTAPI function not implemented: __itt_id_destroy_ex
76985 : 0x78c46a4a4947b : 2 : ittapi_config_apply_per_lib :  ITTAPI function not implemented: __itt_task_begin_ex
76985 : 0x78c46a4a49acf : 2 : ittapi_config_apply_per_lib :  ITTAPI function not implemented: __itt_task_begin_fn_ex
76985 : 0x78c46a4a4a0e7 : 2 : ittapi_config_apply_per_lib :  ITTAPI function not implemented: __itt_task_end_ex
76985 : 0x78c46a4a4a67a : 2 : ittapi_config_apply_per_lib :  ITTAPI function instrumented: __itt_task_begin_overlapped
76985 : 0x78c46a4a4ad33 : 2 : ittapi_config_apply_per_lib :  ITTAPI function not implemented: __itt_task_begin_overlapped_ex
76985 : 0x78c46a4a4b31b : 2 : ittapi_config_apply_per_lib :  ITTAPI function instrumented: __itt_task_end_overlapped
76985 : 0x78c46a4a4baca : 2 : ittapi_config_apply_per_lib :  ITTAPI function not implemented: __itt_task_end_overlapped_ex
76985 : 0x78c46a4a4c16f : 2 : ittapi_config_apply_per_lib :  ITTAPI function not implemented: __itt_marker_ex
76985 : 0x78c46a4a4c8ae : 2 : ittapi_config_apply_per_lib :  ITTAPI function not implemented: __itt_metadata_add_with_scope
76985 : 0x78c46a4a4cfd2 : 2 : ittapi_config_apply_per_lib :  ITTAPI function not implemented: __itt_metadata_str_add_with_scope
76985 : 0x78c46a4a4ef2f : 2 : ittapi_config_apply_per_lib :  ITTAPI function not implemented: __itt_relation_add_to_current_ex
76985 : 0x78c46a4a4f615 : 2 : ittapi_config_apply_per_lib :  ITTAPI function not implemented: __itt_relation_add_ex
76985 : 0x78c46a4a4fc60 : 2 : ittapi_config_apply_per_lib :  ITTAPI function not implemented: __itt_track_group_create
76985 : 0x78c46a4a50211 : 2 : ittapi_config_apply_per_lib :  ITTAPI function not implemented: __itt_track_create
76985 : 0x78c46a4a50867 : 2 : ittapi_config_apply_per_lib :  ITTAPI function not implemented: __itt_set_track
76985 : 0x78c46a4a50e04 : 2 : ittapi_config_apply_per_lib :  ITTAPI function instrumented: __itt_api_version
76985 : 0x78c46a4a513f3 : 2 : ittapi_config_apply_per_lib :  ITTAPI function not implemented: __itt_av_save
76985 : 0x78c46a4a51951 : 2 : ittapi_config_apply_per_lib :  ITTAPI function instrumented: __itt_module_load
76985 : 0x78c46a4a51f9f : 2 : ittapi_config_apply_per_lib :  ITTAPI function not implemented: __itt_module_unload
76985 : 0x78c46a4aa9767 : 2 : ittapi_config_mask_get :  --itt-config mask to be applied: 183
76985 : 0x78c46a4aaca3c : 2 : ittapi_config_apply_per_lib :  ITTAPI function instrumented: __itt_domain_create
76985 : 0x78c46a4aad0f6 : 2 : ittapi_config_apply_per_lib :  ITTAPI function instrumented: __itt_string_handle_create
76985 : 0x78c46a4aad71e : 2 : ittapi_config_apply_per_lib :  ITTAPI function instrumented: __itt_pause
76985 : 0x78c46a4aadcab : 2 : ittapi_config_apply_per_lib :  ITTAPI function instrumented: __itt_resume
76985 : 0x78c46a4aae282 : 2 : ittapi_config_apply_per_lib :  ITTAPI function instrumented: __itt_thread_set_name
76985 : 0x78c46a4aae82c : 2 : ittapi_config_apply_per_lib :  ITTAPI function instrumented: __itt_thread_ignore
76985 : 0x78c46a4aaee45 : 2 : ittapi_config_apply_per_lib :  ITTAPI function instrumented: __itt_thr_name_set
76985 : 0x78c46a4aaf3b5 : 2 : ittapi_config_apply_per_lib :  ITTAPI function instrumented: __itt_thr_ignore
76985 : 0x78c46a4aafbe8 : 2 : ittapi_config_apply_per_lib :  ITTAPI function not implemented: __itt_enable_attach
76985 : 0x78c46a4ab01f0 : 2 : ittapi_config_apply_per_lib :  ITTAPI function instrumented: __itt_detach
76985 : 0x78c46a4ab16ab : 2 : ittapi_config_apply_per_lib :  ITTAPI function NOT instrumented (not matched by --itt-config option): __itt_sync_create

76985 : 0x78c46a4ab1c08 : 2 : ittapi_config_apply_per_lib :  ITTAPI function NOT instrumented (not matched by --itt-config option): __itt_sync_rename

76985 : 0x78c46a4ab2130 : 2 : ittapi_config_apply_per_lib :  ITTAPI function NOT instrumented (not matched by --itt-config option): __itt_sync_destroy

76985 : 0x78c46a4ab25fd : 2 : ittapi_config_apply_per_lib :  ITTAPI function NOT instrumented (not matched by --itt-config option): __itt_sync_prepare

76985 : 0x78c46a4ab2a59 : 2 : ittapi_config_apply_per_lib :  ITTAPI function NOT instrumented (not matched by --itt-config option): __itt_sync_cancel

76985 : 0x78c46a4ab2e9c : 2 : ittapi_config_apply_per_lib :  ITTAPI function NOT instrumented (not matched by --itt-config option): __itt_sync_acquired

76985 : 0x78c46a4ab3360 : 2 : ittapi_config_apply_per_lib :  ITTAPI function NOT instrumented (not matched by --itt-config option): __itt_sync_releasing

76985 : 0x78c46a4ab39cf : 2 : ittapi_config_apply_per_lib :  ITTAPI function not implemented: __itt_suppress_push
76985 : 0x78c46a4ab40b1 : 2 : ittapi_config_apply_per_lib :  ITTAPI function not implemented: __itt_suppress_pop
76985 : 0x78c46a4ab46ee : 2 : ittapi_config_apply_per_lib :  ITTAPI function not implemented: __itt_suppress_mark_range
76985 : 0x78c46a4ab5d25 : 2 : ittapi_config_apply_per_lib :  ITTAPI function not implemented: __itt_suppress_clear_range
76985 : 0x78c46a4ab621c : 2 : ittapi_config_apply_per_lib :  ITTAPI function NOT instrumented (not matched by --itt-config option): __itt_sync_prepare

76985 : 0x78c46a4ab66f9 : 2 : ittapi_config_apply_per_lib :  ITTAPI function NOT instrumented (not matched by --itt-config option): __itt_sync_cancel

76985 : 0x78c46a4ab6b61 : 2 : ittapi_config_apply_per_lib :  ITTAPI function NOT instrumented (not matched by --itt-config option): __itt_sync_acquired

76985 : 0x78c46a4ab6f99 : 2 : ittapi_config_apply_per_lib :  ITTAPI function NOT instrumented (not matched by --itt-config option): __itt_sync_releasing

76985 : 0x78c46a4ab765a : 2 : ittapi_config_apply_per_lib :  ITTAPI function instrumented: __itt_model_site_begin
76985 : 0x78c46a4ab7be3 : 2 : ittapi_config_apply_per_lib :  ITTAPI function instrumented: __itt_model_site_end
76985 : 0x78c46a4ab8130 : 2 : ittapi_config_apply_per_lib :  ITTAPI function instrumented: __itt_model_task_begin
76985 : 0x78c46a4ab8687 : 2 : ittapi_config_apply_per_lib :  ITTAPI function instrumented: __itt_model_task_end
76985 : 0x78c46a4ab8bc2 : 2 : ittapi_config_apply_per_lib :  ITTAPI function instrumented: __itt_model_lock_acquire
76985 : 0x78c46a4abaa15 : 2 : ittapi_config_apply_per_lib :  ITTAPI function instrumented: __itt_model_lock_release
76985 : 0x78c46a4abb136 : 2 : ittapi_config_apply_per_lib :  ITTAPI function not implemented: __itt_model_record_allocation
76985 : 0x78c46a4abb82c : 2 : ittapi_config_apply_per_lib :  ITTAPI function not implemented: __itt_model_record_deallocation
76985 : 0x78c46a4abbea9 : 2 : ittapi_config_apply_per_lib :  ITTAPI function not implemented: __itt_model_induction_uses
76985 : 0x78c46a4abc511 : 2 : ittapi_config_apply_per_lib :  ITTAPI function not implemented: __itt_model_reduction_uses
76985 : 0x78c46a4abcbb3 : 2 : ittapi_config_apply_per_lib :  ITTAPI function not implemented: __itt_model_observe_uses
76985 : 0x78c46a4abd245 : 2 : ittapi_config_apply_per_lib :  ITTAPI function not implemented: __itt_model_clear_uses
76985 : 0x78c46a4abd7c9 : 2 : ittapi_config_apply_per_lib :  ITTAPI function instrumented: __itt_model_site_beginA
76985 : 0x78c46a4abdd2c : 2 : ittapi_config_apply_per_lib :  ITTAPI function instrumented: __itt_model_site_beginAL
76985 : 0x78c46a4abe230 : 2 : ittapi_config_apply_per_lib :  ITTAPI function instrumented: __itt_model_task_beginA
76985 : 0x78c46a4abf79e : 2 : ittapi_config_apply_per_lib :  ITTAPI function instrumented: __itt_model_task_beginAL
76985 : 0x78c46a4abfd41 : 2 : ittapi_config_apply_per_lib :  ITTAPI function instrumented: __itt_model_iteration_taskA
76985 : 0x78c46a4ac02b8 : 2 : ittapi_config_apply_per_lib :  ITTAPI function instrumented: __itt_model_iteration_taskAL
76985 : 0x78c46a4ac07b0 : 2 : ittapi_config_apply_per_lib :  ITTAPI function instrumented: __itt_model_site_end_2
76985 : 0x78c46a4ac0d18 : 2 : ittapi_config_apply_per_lib :  ITTAPI function instrumented: __itt_model_task_end_2
76985 : 0x78c46a4ac1205 : 2 : ittapi_config_apply_per_lib :  ITTAPI function instrumented: __itt_model_lock_acquire_2
76985 : 0x78c46a4ac17c5 : 2 : ittapi_config_apply_per_lib :  ITTAPI function instrumented: __itt_model_lock_release_2
76985 : 0x78c46a4ac1cff : 2 : ittapi_config_apply_per_lib :  ITTAPI function instrumented: __itt_model_aggregate_task
76985 : 0x78c46a4ac2213 : 2 : ittapi_config_apply_per_lib :  ITTAPI function instrumented: __itt_model_disable_push
76985 : 0x78c46a4ac26d9 : 2 : ittapi_config_apply_per_lib :  ITTAPI function instrumented: __itt_model_disable_pop
76985 : 0x78c46a4ac3a9e : 2 : ittapi_config_apply_per_lib :  ITTAPI function instrumented: __itt_heap_function_create
76985 : 0x78c46a4ac4031 : 2 : ittapi_config_apply_per_lib :  ITTAPI function instrumented: __itt_heap_allocate_begin
76985 : 0x78c46a4ac45a9 : 2 : ittapi_config_apply_per_lib :  ITTAPI function instrumented: __itt_heap_allocate_end
76985 : 0x78c46a4ac4adb : 2 : ittapi_config_apply_per_lib :  ITTAPI function instrumented: __itt_heap_free_begin
76985 : 0x78c46a4ac4fdd : 2 : ittapi_config_apply_per_lib :  ITTAPI function instrumented: __itt_heap_free_end
76985 : 0x78c46a4ac5502 : 2 : ittapi_config_apply_per_lib :  ITTAPI function instrumented: __itt_heap_reallocate_begin
76985 : 0x78c46a4ac5a3c : 2 : ittapi_config_apply_per_lib :  ITTAPI function instrumented: __itt_heap_reallocate_end
76985 : 0x78c46a4ac60ff : 2 : ittapi_config_apply_per_lib :  ITTAPI function not implemented: __itt_heap_internal_access_begin
76985 : 0x78c46a4ac682a : 2 : ittapi_config_apply_per_lib :  ITTAPI function not implemented: __itt_heap_internal_access_end
76985 : 0x78c46a4ac6e97 : 2 : ittapi_config_apply_per_lib :  ITTAPI function not implemented: __itt_heap_record_memory_growth_begin
76985 : 0x78c46a4ac8aa7 : 2 : ittapi_config_apply_per_lib :  ITTAPI function not implemented: __itt_heap_record_memory_growth_end
76985 : 0x78c46a4ac91a5 : 2 : ittapi_config_apply_per_lib :  ITTAPI function not implemented: __itt_heap_reset_detection
76985 : 0x78c46a4ac986e : 2 : ittapi_config_apply_per_lib :  ITTAPI function not implemented: __itt_heap_record
76985 : 0x78c46a4ac9e96 : 2 : ittapi_config_apply_per_lib :  ITTAPI function not implemented: __itt_id_create
76985 : 0x78c46a4aca493 : 2 : ittapi_config_apply_per_lib :  ITTAPI function not implemented: __itt_id_destroy
76985 : 0x78c46a4aca9b8 : 2 : ittapi_config_apply_per_lib :  ITTAPI function instrumented: __itt_get_timestamp
76985 : 0x78c46a4acb022 : 2 : ittapi_config_apply_per_lib :  ITTAPI function not implemented: __itt_region_begin
76985 : 0x78c46a4acb64c : 2 : ittapi_config_apply_per_lib :  ITTAPI function not implemented: __itt_region_end
76985 : 0x78c46a4acbbfd : 2 : ittapi_config_apply_per_lib :  ITTAPI function instrumented: __itt_frame_begin_v3
76985 : 0x78c46a4acc19a : 2 : ittapi_config_apply_per_lib :  ITTAPI function instrumented: __itt_frame_end_v3
76985 : 0x78c46a4acd744 : 2 : ittapi_config_apply_per_lib :  ITTAPI function instrumented: __itt_frame_submit_v3
76985 : 0x78c46a4acddc9 : 2 : ittapi_config_apply_per_lib :  ITTAPI function not implemented: __itt_task_group
76985 : 0x78c46a4ace397 : 2 : ittapi_config_apply_per_lib :  ITTAPI function instrumented: __itt_task_begin
76985 : 0x78c46a4ace8dd : 2 : ittapi_config_apply_per_lib :  ITTAPI function instrumented: __itt_task_begin_fn
76985 : 0x78c46a4acedf8 : 2 : ittapi_config_apply_per_lib :  ITTAPI function instrumented: __itt_task_end
76985 : 0x78c46a4acf44d : 2 : ittapi_config_apply_per_lib :  ITTAPI function not implemented: __itt_counter_inc_v3
76985 : 0x78c46a4acfb20 : 2 : ittapi_config_apply_per_lib :  ITTAPI function not implemented: __itt_counter_inc_delta_v3
76985 : 0x78c46a4ad0202 : 2 : ittapi_config_apply_per_lib :  ITTAPI function not implemented: __itt_marker
76985 : 0x78c46a4ad077b : 2 : ittapi_config_apply_per_lib :  ITTAPI function instrumented: __itt_metadata_add
76985 : 0x78c46a4ad0d68 : 2 : ittapi_config_apply_per_lib :  ITTAPI function not implemented: __itt_metadata_str_add
76985 : 0x78c46a4ad22cb : 2 : ittapi_config_apply_per_lib :  ITTAPI function not implemented: __itt_relation_add_to_current
76985 : 0x78c46a4ad29bf : 2 : ittapi_config_apply_per_lib :  ITTAPI function not implemented: __itt_relation_add
76985 : 0x78c46a4ad2f3f : 2 : ittapi_config_apply_per_lib :  ITTAPI function instrumented: __itt_event_create
76985 : 0x78c46a4ad3652 : 2 : ittapi_config_apply_per_lib :  ITTAPI function instrumented: __itt_event_start
76985 : 0x78c46a4ad3b5c : 2 : ittapi_config_apply_per_lib :  ITTAPI function instrumented: __itt_event_end
76985 : 0x78c46a4ad3fc9 : 2 : ittapi_config_apply_per_lib :  ITTAPI function NOT instrumented (not matched by --itt-config option): __itt_sync_set_name

76985 : 0x78c46a4ad447c : 2 : ittapi_config_apply_per_lib :  ITTAPI function NOT instrumented (not matched by --itt-config option): __itt_notify_sync_name

76985 : 0x78c46a4ad4921 : 2 : ittapi_config_apply_per_lib :  ITTAPI function NOT instrumented (not matched by --itt-config option): __itt_notify_sync_prepare

76985 : 0x78c46a4ad4dc0 : 2 : ittapi_config_apply_per_lib :  ITTAPI function NOT instrumented (not matched by --itt-config option): __itt_notify_sync_cancel

76985 : 0x78c46a4ad5214 : 2 : ittapi_config_apply_per_lib :  ITTAPI function NOT instrumented (not matched by --itt-config option): __itt_notify_sync_acquired

76985 : 0x78c46a4ad6cb8 : 2 : ittapi_config_apply_per_lib :  ITTAPI function NOT instrumented (not matched by --itt-config option): __itt_notify_sync_releasing

76985 : 0x78c46a4ad73f0 : 2 : ittapi_config_apply_per_lib :  ITTAPI function not implemented: __itt_memory_read
76985 : 0x78c46a4ad7aa2 : 2 : ittapi_config_apply_per_lib :  ITTAPI function not implemented: __itt_memory_write
76985 : 0x78c46a4ad807c : 2 : ittapi_config_apply_per_lib :  ITTAPI function not implemented: __itt_memory_update
76985 : 0x78c46a4ad86b8 : 2 : ittapi_config_apply_per_lib :  ITTAPI function not implemented: __itt_state_get
76985 : 0x78c46a4ad8c8f : 2 : ittapi_config_apply_per_lib :  ITTAPI function not implemented: __itt_state_set
76985 : 0x78c46a4ad92dd : 2 : ittapi_config_apply_per_lib :  ITTAPI function not implemented: __itt_obj_mode_set
76985 : 0x78c46a4ad98e6 : 2 : ittapi_config_apply_per_lib :  ITTAPI function not implemented: __itt_thr_mode_set
76985 : 0x78c46a4ad9dfb : 2 : ittapi_config_apply_per_lib :  ITTAPI function instrumented: __itt_frame_create
76985 : 0x78c46a4ada33a : 2 : ittapi_config_apply_per_lib :  ITTAPI function instrumented: __itt_frame_begin
76985 : 0x78c46a4adb777 : 2 : ittapi_config_apply_per_lib :  ITTAPI function instrumented: __itt_frame_end
76985 : 0x78c46a4adbce3 : 2 : ittapi_config_apply_per_lib :  ITTAPI function instrumented: __itt_counter_create
76985 : 0x78c46a4adc385 : 2 : ittapi_config_apply_per_lib :  ITTAPI function not implemented: __itt_counter_destroy
76985 : 0x78c46a4adc91f : 2 : ittapi_config_apply_per_lib :  ITTAPI function instrumented: __itt_counter_inc
76985 : 0x78c46a4adce4c : 2 : ittapi_config_apply_per_lib :  ITTAPI function instrumented: __itt_counter_inc_delta
76985 : 0x78c46a4add414 : 2 : ittapi_config_apply_per_lib :  ITTAPI function not implemented: __itt_mark_create
76985 : 0x78c46a4adda63 : 2 : ittapi_config_apply_per_lib :  ITTAPI function not implemented: __itt_mark
76985 : 0x78c46a4ade066 : 2 : ittapi_config_apply_per_lib :  ITTAPI function not implemented: __itt_mark_off
76985 : 0x78c46a4ade5f6 : 2 : ittapi_config_apply_per_lib :  ITTAPI function not implemented: __itt_mark_global
76985 : 0x78c46a4adec01 : 2 : ittapi_config_apply_per_lib :  ITTAPI function not implemented: __itt_mark_global_off
76985 : 0x78c46a4ae0093 : 2 : ittapi_config_apply_per_lib :  ITTAPI function instrumented: __itt_stack_caller_create
76985 : 0x78c46a4ae065a : 2 : ittapi_config_apply_per_lib :  ITTAPI function instrumented: __itt_stack_caller_destroy
76985 : 0x78c46a4ae0c0d : 2 : ittapi_config_apply_per_lib :  ITTAPI function instrumented: __itt_stack_callee_enter
76985 : 0x78c46a4ae1131 : 2 : ittapi_config_apply_per_lib :  ITTAPI function instrumented: __itt_stack_callee_leave
76985 : 0x78c46a4ae17b2 : 2 : ittapi_config_apply_per_lib :  ITTAPI function not implemented: __itt_clock_domain_create
76985 : 0x78c46a4ae1e24 : 2 : ittapi_config_apply_per_lib :  ITTAPI function not implemented: __itt_clock_domain_reset
76985 : 0x78c46a4ae2468 : 2 : ittapi_config_apply_per_lib :  ITTAPI function not implemented: __itt_id_create_ex
76985 : 0x78c46a4ae2a51 : 2 : ittapi_config_apply_per_lib :  ITTAPI function not implemented: __itt_id_destroy_ex
76985 : 0x78c46a4ae3053 : 2 : ittapi_config_apply_per_lib :  ITTAPI function not implemented: __itt_task_begin_ex
76985 : 0x78c46a4ae362e : 2 : ittapi_config_apply_per_lib :  ITTAPI function not implemented: __itt_task_begin_fn_ex
76985 : 0x78c46a4ae4aba : 2 : ittapi_config_apply_per_lib :  ITTAPI function not implemented: __itt_task_end_ex
76985 : 0x78c46a4ae5085 : 2 : ittapi_config_apply_per_lib :  ITTAPI function instrumented: __itt_task_begin_overlapped
76985 : 0x78c46a4ae5726 : 2 : ittapi_config_apply_per_lib :  ITTAPI function not implemented: __itt_task_begin_overlapped_ex
76985 : 0x78c46a4ae5d2b : 2 : ittapi_config_apply_per_lib :  ITTAPI function instrumented: __itt_task_end_overlapped
76985 : 0x78c46a4ae6444 : 2 : ittapi_config_apply_per_lib :  ITTAPI function not implemented: __itt_task_end_overlapped_ex
76985 : 0x78c46a4ae6a7b : 2 : ittapi_config_apply_per_lib :  ITTAPI function not implemented: __itt_marker_ex
76985 : 0x78c46a4ae7121 : 2 : ittapi_config_apply_per_lib :  ITTAPI function not implemented: __itt_metadata_add_with_scope
76985 : 0x78c46a4ae7805 : 2 : ittapi_config_apply_per_lib :  ITTAPI function not implemented: __itt_metadata_str_add_with_scope
76985 : 0x78c46a4ae7ebc : 2 : ittapi_config_apply_per_lib :  ITTAPI function not implemented: __itt_relation_add_to_current_ex
76985 : 0x78c46a4ae8511 : 2 : ittapi_config_apply_per_lib :  ITTAPI function not implemented: __itt_relation_add_ex
76985 : 0x78c46a4aea243 : 2 : ittapi_config_apply_per_lib :  ITTAPI function not implemented: __itt_track_group_create
76985 : 0x78c46a4aea895 : 2 : ittapi_config_apply_per_lib :  ITTAPI function not implemented: __itt_track_create
76985 : 0x78c46a4aeaef8 : 2 : ittapi_config_apply_per_lib :  ITTAPI function not implemented: __itt_set_track
76985 : 0x78c46a4aeb44f : 2 : ittapi_config_apply_per_lib :  ITTAPI function instrumented: __itt_api_version
76985 : 0x78c46a4aeba65 : 2 : ittapi_config_apply_per_lib :  ITTAPI function not implemented: __itt_av_save