Date: Wed Feb 10 23:20:17 -03 2021
Host: tsubasa

>>> make ncc/bt.B.x - successful
>>> make ncc/cg.B.x - successful
>>> make ncc/ep.B.x - successful
>>> make ncc/ft.B.x - successful
>>> make ncc/is.B.x - successful
>>> make ncc/lu.B.x - successful
>>> make ncc/mg.B.x - successful
>>> make ncc/sp.B.x - successful
>>> make ncc/ua.B.x - successful
>>> make intel/bt.B.x - successful
>>> make intel/cg.B.x - successful
>>> make intel/ep.B.x - successful
>>> make intel/ft.B.x - successful
>>> make intel/is.B.x - successful
>>> make intel/lu.B.x - successful
>>> make intel/mg.B.x - successful
>>> make intel/sp.B.x - successful
Date: Wed Feb 10 23:21:07 -03 2021
Host: tsubasa

>>> make ncc/bt.C.x - successful
>>> make ncc/cg.C.x - successful
>>> make ncc/ep.C.x - successful
>>> make ncc/ft.C.x - successful
>>> make ncc/is.C.x - successful
>>> make ncc/lu.C.x - successful
>>> make ncc/mg.C.x - successful
>>> make ncc/sp.C.x - successful
>>> make ncc/ua.C.x - successful
>>> make intel/bt.C.x - successful
>>> make intel/cg.C.x - successful
>>> make intel/ep.C.x - successful
>>> make intel/ft.C.x - successful
>>> make intel/is.C.x - successful
>>> make intel/lu.C.x - successful
>>> make intel/mg.C.x - successful
>>> make intel/sp.C.x - successful
>>> make intel/ua.C.x - successful

Date: Wed Feb 10 23:22:02 -03 2021
Total number of cases: 18
Total number of FAILED cases: 0

