<?xml version="1.0" encoding="utf-8"?>
<log version="1.0" tool="runtool">

<msg id="1" tool="runtool">
  <type>log-start</type>
  <arg>2021/05/20 21:16:59</arg>
</msg>
<msg id="2" tool="runtool">
  <type>bandwidth-measurement-starts</type>
</msg>
<msg id="3" tool="runtool">
  <type>bandwidth-measurement-done</type>
</msg>
<msg id="4" tool="runtool">
  <type>collector-starts</type>
</msg>
<msg id="5" tool="runtool">
  <type>marker-file</type>
  <arg>/home/users/fpmjunior/ccpe/NPB/NPB3.4-OMP-autocompilingimprovements/experiments_new/og-nec-intel-otm0-noftrace-advisor/out_intel/e000/trc007/trc007.advixe</arg>
</msg>
<msg id="6" tool="trc">
  <type>PROCESS_START</type>
  <arg>/home/users/fpmjunior/ccpe/NPB/NPB3.4-OMP-autocompilingimprovements/bin/bin_intel/ua.C.x</arg>
  <arg>41639</arg>
  <severity>INFO</severity>
  <timestamp>Thu May 20 21:17:12 2021</timestamp>
</msg>
<msg id="7" tool="trc">
  <type>PROCESS_ANALYSIS_MODE</type>
  <arg>full</arg>
  <severity>INFO</severity>
  <timestamp>Thu May 20 21:17:12 2021</timestamp>
</msg>
<msg id="8" tool="trc">
  <type>LOAD_MODULE</type>
  <arg>/home/users/fpmjunior/ccpe/NPB/NPB3.4-OMP-autocompilingimprovements/bin/bin_intel/ua.C.x</arg>
  <arg>0x400000</arg>
  <arg>0x1179aa7</arg>
  <arg>yes</arg>
  <severity>INFO</severity>
  <timestamp>Thu May 20 21:17:12 2021</timestamp>
</msg>
<msg id="9" tool="trc">
  <type>LOAD_MODULE</type>
  <arg>/lib64/ld-linux-x86-64.so.2</arg>
  <arg>0x7fa5bbe45000</arg>
  <arg>0x7fa5bc06814f</arg>
  <arg>yes</arg>
  <severity>INFO</severity>
  <timestamp>Thu May 20 21:17:12 2021</timestamp>
</msg>
<msg id="10" tool="trc">
  <type>LOAD_MODULE</type>
  <arg>[vdso]</arg>
  <arg>0x7ffcfe3e9000</arg>
  <arg>0x7ffcfe3e9e6c</arg>
  <arg>no</arg>
  <severity>INFO</severity>
  <timestamp>Thu May 20 21:17:12 2021</timestamp>
</msg>
<msg id="11" tool="trc">
  <type>LOAD_MODULE</type>
  <arg>/lib64/libm.so.6</arg>
  <arg>0x7fa5a5477000</arg>
  <arg>0x7fa5a5778137</arg>
  <arg>yes</arg>
  <severity>INFO</severity>
  <timestamp>Thu May 20 21:17:12 2021</timestamp>
</msg>
<msg id="12" tool="trc">
  <type>LOAD_MODULE</type>
  <arg>/home/intel/oneapi/compiler/2021.1.1/linux/compiler/lib/intel64_lin/libiomp5.so</arg>
  <arg>0x7fa5a504f000</arg>
  <arg>0x7fa5a54559df</arg>
  <arg>yes</arg>
  <severity>INFO</severity>
  <timestamp>Thu May 20 21:17:12 2021</timestamp>
</msg>
<msg id="13" tool="trc">
  <type>LOAD_MODULE</type>
  <arg>/lib64/libpthread.so.0</arg>
  <arg>0x7fa5a4e33000</arg>
  <arg>0x7fa5a504e487</arg>
  <arg>yes</arg>
  <severity>INFO</severity>
  <timestamp>Thu May 20 21:17:12 2021</timestamp>
</msg>
<msg id="14" tool="trc">
  <type>LOAD_MODULE</type>
  <arg>/lib64/libc.so.6</arg>
  <arg>0x7fa5a4a64000</arg>
  <arg>0x7fa5a4e311ff</arg>
  <arg>yes</arg>
  <severity>INFO</severity>
  <timestamp>Thu May 20 21:17:12 2021</timestamp>
</msg>
<msg id="15" tool="trc">
  <type>LOAD_MODULE</type>
  <arg>/usr/local/gcc-10.2.0/lib64/libgcc_s.so.1</arg>
  <arg>0x7fa5a484c000</arg>
  <arg>0x7fa5a4a63447</arg>
  <arg>yes</arg>
  <severity>INFO</severity>
  <timestamp>Thu May 20 21:17:12 2021</timestamp>
</msg>
<msg id="16" tool="trc">
  <type>LOAD_MODULE</type>
  <arg>/lib64/libdl.so.2</arg>
  <arg>0x7fa5a4648000</arg>
  <arg>0x7fa5a484b12f</arg>
  <arg>yes</arg>
  <severity>INFO</severity>
  <timestamp>Thu May 20 21:17:12 2021</timestamp>
</msg>
<msg id="17" tool="trc">
  <type>LOAD_MODULE</type>
  <arg>/home/intel/oneapi/advisor/2021.1.1/lib64/runtime/libittnotify.so</arg>
  <arg>0x7fa5a355d000</arg>
  <arg>0x7fa5a376965f</arg>
  <arg>no</arg>
  <severity>INFO</severity>
  <timestamp>Thu May 20 21:17:12 2021</timestamp>
</msg>
<msg id="18" tool="trc">
  <type>LOAD_MODULE</type>
  <arg>/home/intel/oneapi/advisor/2021.1.1/lib64/libpinjitprofiling.so</arg>
  <arg>0x7fa5a3285000</arg>
  <arg>0x7fa5a348600f</arg>
  <arg>no</arg>
  <severity>INFO</severity>
  <timestamp>Thu May 20 21:17:12 2021</timestamp>
</msg>
<msg id="19" tool="trc">
  <type>LOAD_MODULE</type>
  <arg>/usr/local/gcc-10.2.0/lib64/libstdc++.so.6</arg>
  <arg>0x7fa5a2ea8000</arg>
  <arg>0x7fa5a32748ff</arg>
  <arg>no</arg>
  <severity>INFO</severity>
  <timestamp>Thu May 20 21:17:12 2021</timestamp>
</msg>
<msg id="20" tool="trc">
  <type>UNLOAD_MODULE</type>
  <arg>/home/users/fpmjunior/ccpe/NPB/NPB3.4-OMP-autocompilingimprovements/bin/bin_intel/ua.C.x</arg>
  <severity>INFO</severity>
  <timestamp>Thu May 20 21:24:46 2021</timestamp>
</msg>
<msg id="21" tool="trc">
  <type>UNLOAD_MODULE</type>
  <arg>/lib64/ld-linux-x86-64.so.2</arg>
  <severity>INFO</severity>
  <timestamp>Thu May 20 21:24:46 2021</timestamp>
</msg>
<msg id="22" tool="trc">
  <type>UNLOAD_MODULE</type>
  <arg>[vdso]</arg>
  <severity>INFO</severity>
  <timestamp>Thu May 20 21:24:46 2021</timestamp>
</msg>
<msg id="23" tool="trc">
  <type>UNLOAD_MODULE</type>
  <arg>/lib64/libm.so.6</arg>
  <severity>INFO</severity>
  <timestamp>Thu May 20 21:24:46 2021</timestamp>
</msg>
<msg id="24" tool="trc">
  <type>UNLOAD_MODULE</type>
  <arg>/home/intel/oneapi/compiler/2021.1.1/linux/compiler/lib/intel64_lin/libiomp5.so</arg>
  <severity>INFO</severity>
  <timestamp>Thu May 20 21:24:46 2021</timestamp>
</msg>
<msg id="25" tool="trc">
  <type>UNLOAD_MODULE</type>
  <arg>/lib64/libpthread.so.0</arg>
  <severity>INFO</severity>
  <timestamp>Thu May 20 21:24:46 2021</timestamp>
</msg>
<msg id="26" tool="trc">
  <type>UNLOAD_MODULE</type>
  <arg>/lib64/libc.so.6</arg>
  <severity>INFO</severity>
  <timestamp>Thu May 20 21:24:46 2021</timestamp>
</msg>
<msg id="27" tool="trc">
  <type>UNLOAD_MODULE</type>
  <arg>/usr/local/gcc-10.2.0/lib64/libgcc_s.so.1</arg>
  <severity>INFO</severity>
  <timestamp>Thu May 20 21:24:46 2021</timestamp>
</msg>
<msg id="28" tool="trc">
  <type>UNLOAD_MODULE</type>
  <arg>/lib64/libdl.so.2</arg>
  <severity>INFO</severity>
  <timestamp>Thu May 20 21:24:46 2021</timestamp>
</msg>
<msg id="29" tool="trc">
  <type>UNLOAD_MODULE</type>
  <arg>/home/intel/oneapi/advisor/2021.1.1/lib64/runtime/libittnotify.so</arg>
  <severity>INFO</severity>
  <timestamp>Thu May 20 21:24:46 2021</timestamp>
</msg>
<msg id="30" tool="trc">
  <type>UNLOAD_MODULE</type>
  <arg>/home/intel/oneapi/advisor/2021.1.1/lib64/libpinjitprofiling.so</arg>
  <severity>INFO</severity>
  <timestamp>Thu May 20 21:24:46 2021</timestamp>
</msg>
<msg id="31" tool="trc">
  <type>UNLOAD_MODULE</type>
  <arg>DynamicCodeBin</arg>
  <severity>INFO</severity>
  <timestamp>Thu May 20 21:24:46 2021</timestamp>
</msg>
<msg id="32" tool="trc">
  <type>UNLOAD_MODULE</type>
  <arg>/usr/local/gcc-10.2.0/lib64/libstdc++.so.6</arg>
  <severity>INFO</severity>
  <timestamp>Thu May 20 21:24:46 2021</timestamp>
</msg>
<msg id="33" tool="trc">
  <type>PROCESS_FINISH</type>
  <arg>/home/users/fpmjunior/ccpe/NPB/NPB3.4-OMP-autocompilingimprovements/bin/bin_intel/ua.C.x</arg>
  <arg>41639</arg>
  <arg>0x0</arg>
  <severity>INFO</severity>
  <timestamp>Thu May 20 21:24:46 2021</timestamp>
</msg>
<msg id="34" tool="runtool">
  <type>app-exit-code</type>
  <arg>0</arg>
</msg>
<msg id="35" tool="runtool">
  <type>marker-file</type>
  <arg>/home/users/fpmjunior/ccpe/NPB/NPB3.4-OMP-autocompilingimprovements/experiments_new/og-nec-intel-otm0-noftrace-advisor/out_intel/e000/trc007/trc007.advixe</arg>
</msg>
<msg id="36" tool="runtool">
  <type>collector-done</type>
</msg>
<msg id="37" tool="runtool">
  <type>log-end</type>
  <arg>2021/05/20 21:24:50</arg>
</msg>

</log>

