<?xml version="1.0" encoding="utf-8" ?>
<!-- DO NOT EDIT THIS FILE -->

<log version='2.0' source='trc'>
	<msg id='1' display='false' source='trc'>
		<type>PROCESS_START</type>
		<severity>INFO</severity>
		<timestamp>Thu May 20 21:17:12 2021</timestamp>
		<arg name='process'>/home/users/fpmjunior/ccpe/NPB/NPB3.4-OMP-autocompilingimprovements/bin/bin_intel/ua.C.x</arg>
		<arg name='pid'>41639</arg>
	</msg>
	<!-- Instrumentation filter's state:
    Patterns applicability:
        Generic loop pattern.....................: disabled
        Generic loop pattern (with dynamic jumps): disabled
        Known trip value loop pattern............: disabled
        Runtime final value loop pattern.........: disabled
        No initial IV loop pattern...............: disabled
        IV step only loop pattern................: disabled
        No entry loop pattern....................: disabled
    Clustered memory model (CMM) applicability:
        Generic loop pattern.....................: enabled
        Generic loop pattern (with dynamic jumps): enabled
        Known trip value loop pattern............: enabled
        Runtime final value loop pattern.........: enabled
        No initial IV loop pattern...............: enabled
        IV step only loop pattern................: enabled
        No entry loop pattern....................: disabled
 -->
	<!-- Callstack mode:
    filter modules.........: true
    filter routines........: true
    count loops............: false
    count flops............: false
    trace..................: false
    extended trace.........: false
    omp trace..............: false
    jit trace..............: false
    failures trace.........: false
    dump raw...............: false
    dump final.............: false
    dump all...............: false
    stack stitching........: true
    stl profiling..........: true
    aggressive frame switch: true
    unwind frame exit......: true
    analyze child loops....: true
 -->
	<!-- Managed application profiling: -->
	<!-- 	State...................: enabled -->
	<!-- Gpu Profiling: -->
	<!-- 	State: disabled -->
	<msg id='2' display='false' source='trc'>
		<type>PROCESS_ANALYSIS_MODE</type>
		<severity>INFO</severity>
		<timestamp>Thu May 20 21:17:12 2021</timestamp>
		<arg name='mode'>full</arg>
	</msg>
	<!-- Update image info for [1:0x400000:YN] /home/users/fpmjunior/ccpe/NPB/NPB3.4-OMP-autocompilingimprovements/bin/bin_intel/ua.C.x -->
	<msg id='3' display='false' source='trc'>
		<type>LOAD_MODULE</type>
		<severity>INFO</severity>
		<timestamp>Thu May 20 21:17:12 2021</timestamp>
		<arg name='module'>/home/users/fpmjunior/ccpe/NPB/NPB3.4-OMP-autocompilingimprovements/bin/bin_intel/ua.C.x</arg>
		<arg name='basement'>0x400000</arg>
		<arg name='ceiling'>0x1179aa7</arg>
		<arg name='symtab'>yes</arg>
	</msg>
	<!-- Instrumenting image: id = 1, name = /home/users/fpmjunior/ccpe/NPB/NPB3.4-OMP-autocompilingimprovements/bin/bin_intel/ua.C.x -->
	<!-- skipping routine "pthread_getspecific", reason cannot build control-flow graph (HasDynamicJumps) -->
	<!-- skipping routine "__kmpc_unset_lock", reason cannot build control-flow graph (HasDynamicJumps) -->
	<!-- skipping routine "__kmpc_set_lock", reason cannot build control-flow graph (HasDynamicJumps) -->
	<!-- skipping routine "mortar_", reason cannot build control-flow graph (HasDynamicJumps) -->
	<!-- skipping routine "com_dpc_", reason cannot build control-flow graph (HasDynamicJumps) -->
	<!-- skipping routine "cos", reason cannot build control-flow graph (HasDynamicJumps) -->
	<!-- skipping routine "__intel_avx_rep_memcpy", reason cannot build control-flow graph (HasDynamicJumps) -->
	<!-- skipping routine "__intel_avx_rep_memset", reason cannot build control-flow graph (HasDynamicJumps) -->
	<!-- Update image info for [2:0x7FA5BBE45000:YN] /lib64/ld-linux-x86-64.so.2 -->
	<msg id='4' display='false' source='trc'>
		<type>LOAD_MODULE</type>
		<severity>INFO</severity>
		<timestamp>Thu May 20 21:17:12 2021</timestamp>
		<arg name='module'>/lib64/ld-linux-x86-64.so.2</arg>
		<arg name='basement'>0x7fa5bbe45000</arg>
		<arg name='ceiling'>0x7fa5bc06814f</arg>
		<arg name='symtab'>yes</arg>
	</msg>
	<!-- Instrumentation of /lib64/ld-linux-x86-64.so.2 image skipped because of filter conditions [cs-mode]. -->
	<!-- Update image info for [3:0x7FFCFE3E9000:NN] [vdso] -->
	<msg id='5' display='false' source='trc'>
		<type>LOAD_MODULE</type>
		<severity>INFO</severity>
		<timestamp>Thu May 20 21:17:12 2021</timestamp>
		<arg name='module'>[vdso]</arg>
		<arg name='basement'>0x7ffcfe3e9000</arg>
		<arg name='ceiling'>0x7ffcfe3e9e6c</arg>
		<arg name='symtab'>no</arg>
	</msg>
	<!-- Instrumentation of [vdso] image skipped because of filter conditions [cs-mode]. -->
	<!-- Update image info for [4:0x7FA5A5477000:YN] /lib64/libm.so.6 -->
	<msg id='6' display='false' source='trc'>
		<type>LOAD_MODULE</type>
		<severity>INFO</severity>
		<timestamp>Thu May 20 21:17:12 2021</timestamp>
		<arg name='module'>/lib64/libm.so.6</arg>
		<arg name='basement'>0x7fa5a5477000</arg>
		<arg name='ceiling'>0x7fa5a5778137</arg>
		<arg name='symtab'>yes</arg>
	</msg>
	<!-- Instrumentation of /lib64/libm.so.6 image skipped because of filter conditions [cs-mode]. -->
	<!-- Update image info for [5:0x7FA5A504F000:YN] /home/intel/oneapi/compiler/2021.1.1/linux/compiler/lib/intel64_lin/libiomp5.so -->
	<msg id='7' display='false' source='trc'>
		<type>LOAD_MODULE</type>
		<severity>INFO</severity>
		<timestamp>Thu May 20 21:17:12 2021</timestamp>
		<arg name='module'>/home/intel/oneapi/compiler/2021.1.1/linux/compiler/lib/intel64_lin/libiomp5.so</arg>
		<arg name='basement'>0x7fa5a504f000</arg>
		<arg name='ceiling'>0x7fa5a54559df</arg>
		<arg name='symtab'>yes</arg>
	</msg>
	<!-- Instrumenting image: id = 5, name = /home/intel/oneapi/compiler/2021.1.1/linux/compiler/lib/intel64_lin/libiomp5.so -->
	<!-- skipping routine "sched_yield", reason cannot build control-flow graph (HasDynamicJumps) -->
	<!-- skipping routine "__kmp_acquire_queuing_lock", reason cannot build control-flow graph (HasDynamicJumps) -->
	<!-- skipping routine "_INTERNAL222f0267::__kmp_itt_fsync_acquired_init_3_0", reason cannot build control-flow graph (HasDynamicJumps) -->
	<!-- skipping routine "__kmpc_fork_call", reason cannot build control-flow graph (HasDynamicJumps) -->
	<!-- skipping routine "__kmpc_init_lock", reason cannot build control-flow graph (HasDynamicJumps) -->
	<!-- skipping routine "__kmpc_set_lock", reason cannot build control-flow graph (HasDynamicJumps) -->
	<!-- skipping routine "__kmpc_unset_lock", reason cannot build control-flow graph (HasDynamicJumps) -->
	<!-- skipping routine "_INTERNAL006d487d::__kmp_set_indirect_lock", reason cannot build control-flow graph (HasDynamicJumps) -->
	<!-- skipping routine "_INTERNAL006d487d::__kmp_unset_indirect_lock", reason cannot build control-flow graph (HasDynamicJumps) -->
	<!-- skipping routine "__intel_avx_rep_memset", reason cannot build control-flow graph (HasDynamicJumps) -->
	<!-- Update image info for [6:0x7FA5A4E33000:YN] /lib64/libpthread.so.0 -->
	<msg id='8' display='false' source='trc'>
		<type>LOAD_MODULE</type>
		<severity>INFO</severity>
		<timestamp>Thu May 20 21:17:12 2021</timestamp>
		<arg name='module'>/lib64/libpthread.so.0</arg>
		<arg name='basement'>0x7fa5a4e33000</arg>
		<arg name='ceiling'>0x7fa5a504e487</arg>
		<arg name='symtab'>yes</arg>
	</msg>
	<!-- Instrumentation of /lib64/libpthread.so.0 image skipped because of filter conditions. -->
	<!-- Update image info for [7:0x7FA5A4A64000:YN] /lib64/libc.so.6 -->
	<msg id='9' display='false' source='trc'>
		<type>LOAD_MODULE</type>
		<severity>INFO</severity>
		<timestamp>Thu May 20 21:17:12 2021</timestamp>
		<arg name='module'>/lib64/libc.so.6</arg>
		<arg name='basement'>0x7fa5a4a64000</arg>
		<arg name='ceiling'>0x7fa5a4e311ff</arg>
		<arg name='symtab'>yes</arg>
	</msg>
	<!-- Instrumentation of /lib64/libc.so.6 image skipped because of filter conditions. -->
	<!-- Update image info for [8:0x7FA5A484C000:YN] /usr/local/gcc-10.2.0/lib64/libgcc_s.so.1 -->
	<msg id='10' display='false' source='trc'>
		<type>LOAD_MODULE</type>
		<severity>INFO</severity>
		<timestamp>Thu May 20 21:17:12 2021</timestamp>
		<arg name='module'>/usr/local/gcc-10.2.0/lib64/libgcc_s.so.1</arg>
		<arg name='basement'>0x7fa5a484c000</arg>
		<arg name='ceiling'>0x7fa5a4a63447</arg>
		<arg name='symtab'>yes</arg>
	</msg>
	<!-- Instrumentation of /usr/local/gcc-10.2.0/lib64/libgcc_s.so.1 image skipped because of filter conditions [cs-mode]. -->
	<!-- Update image info for [9:0x7FA5A4648000:YN] /lib64/libdl.so.2 -->
	<msg id='11' display='false' source='trc'>
		<type>LOAD_MODULE</type>
		<severity>INFO</severity>
		<timestamp>Thu May 20 21:17:12 2021</timestamp>
		<arg name='module'>/lib64/libdl.so.2</arg>
		<arg name='basement'>0x7fa5a4648000</arg>
		<arg name='ceiling'>0x7fa5a484b12f</arg>
		<arg name='symtab'>yes</arg>
	</msg>
	<!-- Instrumentation of /lib64/libdl.so.2 image skipped because of filter conditions [cs-mode]. -->
	<!-- Update image info for [10:0x7FA5A355D000:NN] /home/intel/oneapi/advisor/2021.1.1/lib64/runtime/libittnotify.so -->
	<msg id='12' display='false' source='trc'>
		<type>LOAD_MODULE</type>
		<severity>INFO</severity>
		<timestamp>Thu May 20 21:17:12 2021</timestamp>
		<arg name='module'>/home/intel/oneapi/advisor/2021.1.1/lib64/runtime/libittnotify.so</arg>
		<arg name='basement'>0x7fa5a355d000</arg>
		<arg name='ceiling'>0x7fa5a376965f</arg>
		<arg name='symtab'>no</arg>
	</msg>
	<!-- __itt_pause was instrumented -->
	<!-- __itt_resume was instrumented -->
	<!-- __itt_metadata_add was instrumented -->
	<!-- Instrumentation of /home/intel/oneapi/advisor/2021.1.1/lib64/runtime/libittnotify.so image skipped because of filter conditions [cs-mode]. -->
	<!-- Update image info for [11:0x7FA5A3285000:NN] /home/intel/oneapi/advisor/2021.1.1/lib64/libpinjitprofiling.so -->
	<msg id='13' display='false' source='trc'>
		<type>LOAD_MODULE</type>
		<severity>INFO</severity>
		<timestamp>Thu May 20 21:17:12 2021</timestamp>
		<arg name='module'>/home/intel/oneapi/advisor/2021.1.1/lib64/libpinjitprofiling.so</arg>
		<arg name='basement'>0x7fa5a3285000</arg>
		<arg name='ceiling'>0x7fa5a348600f</arg>
		<arg name='symtab'>no</arg>
	</msg>
	<!-- Instrumentation of /home/intel/oneapi/advisor/2021.1.1/lib64/libpinjitprofiling.so image skipped because of filter conditions [cs-mode]. -->
	<!-- Update image info for [13:0x7FA5A2EA8000:NN] /usr/local/gcc-10.2.0/lib64/libstdc++.so.6 -->
	<msg id='14' display='false' source='trc'>
		<type>LOAD_MODULE</type>
		<severity>INFO</severity>
		<timestamp>Thu May 20 21:17:12 2021</timestamp>
		<arg name='module'>/usr/local/gcc-10.2.0/lib64/libstdc++.so.6</arg>
		<arg name='basement'>0x7fa5a2ea8000</arg>
		<arg name='ceiling'>0x7fa5a32748ff</arg>
		<arg name='symtab'>no</arg>
	</msg>
	<!-- Instrumentation of /usr/local/gcc-10.2.0/lib64/libstdc++.so.6 image skipped because of filter conditions [cs-mode]. -->
	<msg id='15' display='false' source='trc'>
		<type>UNLOAD_MODULE</type>
		<severity>INFO</severity>
		<timestamp>Thu May 20 21:24:46 2021</timestamp>
		<arg name='module'>/home/users/fpmjunior/ccpe/NPB/NPB3.4-OMP-autocompilingimprovements/bin/bin_intel/ua.C.x</arg>
	</msg>
	<msg id='16' display='false' source='trc'>
		<type>UNLOAD_MODULE</type>
		<severity>INFO</severity>
		<timestamp>Thu May 20 21:24:46 2021</timestamp>
		<arg name='module'>/lib64/ld-linux-x86-64.so.2</arg>
	</msg>
	<msg id='17' display='false' source='trc'>
		<type>UNLOAD_MODULE</type>
		<severity>INFO</severity>
		<timestamp>Thu May 20 21:24:46 2021</timestamp>
		<arg name='module'>[vdso]</arg>
	</msg>
	<msg id='18' display='false' source='trc'>
		<type>UNLOAD_MODULE</type>
		<severity>INFO</severity>
		<timestamp>Thu May 20 21:24:46 2021</timestamp>
		<arg name='module'>/lib64/libm.so.6</arg>
	</msg>
	<msg id='19' display='false' source='trc'>
		<type>UNLOAD_MODULE</type>
		<severity>INFO</severity>
		<timestamp>Thu May 20 21:24:46 2021</timestamp>
		<arg name='module'>/home/intel/oneapi/compiler/2021.1.1/linux/compiler/lib/intel64_lin/libiomp5.so</arg>
	</msg>
	<msg id='20' display='false' source='trc'>
		<type>UNLOAD_MODULE</type>
		<severity>INFO</severity>
		<timestamp>Thu May 20 21:24:46 2021</timestamp>
		<arg name='module'>/lib64/libpthread.so.0</arg>
	</msg>
	<msg id='21' display='false' source='trc'>
		<type>UNLOAD_MODULE</type>
		<severity>INFO</severity>
		<timestamp>Thu May 20 21:24:46 2021</timestamp>
		<arg name='module'>/lib64/libc.so.6</arg>
	</msg>
	<msg id='22' display='false' source='trc'>
		<type>UNLOAD_MODULE</type>
		<severity>INFO</severity>
		<timestamp>Thu May 20 21:24:46 2021</timestamp>
		<arg name='module'>/usr/local/gcc-10.2.0/lib64/libgcc_s.so.1</arg>
	</msg>
	<msg id='23' display='false' source='trc'>
		<type>UNLOAD_MODULE</type>
		<severity>INFO</severity>
		<timestamp>Thu May 20 21:24:46 2021</timestamp>
		<arg name='module'>/lib64/libdl.so.2</arg>
	</msg>
	<msg id='24' display='false' source='trc'>
		<type>UNLOAD_MODULE</type>
		<severity>INFO</severity>
		<timestamp>Thu May 20 21:24:46 2021</timestamp>
		<arg name='module'>/home/intel/oneapi/advisor/2021.1.1/lib64/runtime/libittnotify.so</arg>
	</msg>
	<msg id='25' display='false' source='trc'>
		<type>UNLOAD_MODULE</type>
		<severity>INFO</severity>
		<timestamp>Thu May 20 21:24:46 2021</timestamp>
		<arg name='module'>/home/intel/oneapi/advisor/2021.1.1/lib64/libpinjitprofiling.so</arg>
	</msg>
	<msg id='26' display='false' source='trc'>
		<type>UNLOAD_MODULE</type>
		<severity>INFO</severity>
		<timestamp>Thu May 20 21:24:46 2021</timestamp>
		<arg name='module'>DynamicCodeBin</arg>
	</msg>
	<msg id='27' display='false' source='trc'>
		<type>UNLOAD_MODULE</type>
		<severity>INFO</severity>
		<timestamp>Thu May 20 21:24:46 2021</timestamp>
		<arg name='module'>/usr/local/gcc-10.2.0/lib64/libstdc++.so.6</arg>
	</msg>
	<msg id='28' display='false' source='trc'>
		<type>PROCESS_FINISH</type>
		<severity>INFO</severity>
		<timestamp>Thu May 20 21:24:46 2021</timestamp>
		<arg name='process'>/home/users/fpmjunior/ccpe/NPB/NPB3.4-OMP-autocompilingimprovements/bin/bin_intel/ua.C.x</arg>
		<arg name='pid'>41639</arg>
		<arg name='exitcode'>0x0</arg>
	</msg>
	<!-- Application exited with code 0 -->
</log>