<?xml version="1.0" encoding="utf-8" ?>
<!-- DO NOT EDIT THIS FILE -->

<log version='2.0' source='trc'>
	<msg id='1' display='false' source='trc'>
		<type>PROCESS_START</type>
		<severity>INFO</severity>
		<timestamp>Fri May 21 01:06:35 2021</timestamp>
		<arg name='process'>/home/users/fpmjunior/ccpe/NPB/NPB3.4-OMP-autocompilingimprovements/bin/bin_intel/ua.C.x</arg>
		<arg name='pid'>96971</arg>
	</msg>
	<!-- Instrumentation filter's state:
    Patterns applicability:
        Generic loop pattern.....................: disabled
        Generic loop pattern (with dynamic jumps): disabled
        Known trip value loop pattern............: disabled
        Runtime final value loop pattern.........: disabled
        No initial IV loop pattern...............: disabled
        IV step only loop pattern................: disabled
        No entry loop pattern....................: disabled
    Clustered memory model (CMM) applicability:
        Generic loop pattern.....................: enabled
        Generic loop pattern (with dynamic jumps): enabled
        Known trip value loop pattern............: enabled
        Runtime final value loop pattern.........: enabled
        No initial IV loop pattern...............: enabled
        IV step only loop pattern................: enabled
        No entry loop pattern....................: disabled
 -->
	<!-- Callstack mode:
    filter modules.........: true
    filter routines........: true
    count loops............: false
    count flops............: false
    trace..................: false
    extended trace.........: false
    omp trace..............: false
    jit trace..............: false
    failures trace.........: false
    dump raw...............: false
    dump final.............: false
    dump all...............: false
    stack stitching........: true
    stl profiling..........: true
    aggressive frame switch: true
    unwind frame exit......: true
    analyze child loops....: true
 -->
	<!-- Managed application profiling: -->
	<!-- 	State...................: enabled -->
	<!-- Gpu Profiling: -->
	<!-- 	State: disabled -->
	<msg id='2' display='false' source='trc'>
		<type>PROCESS_ANALYSIS_MODE</type>
		<severity>INFO</severity>
		<timestamp>Fri May 21 01:06:35 2021</timestamp>
		<arg name='mode'>full</arg>
	</msg>
	<!-- Update image info for [1:0x400000:YN] /home/users/fpmjunior/ccpe/NPB/NPB3.4-OMP-autocompilingimprovements/bin/bin_intel/ua.C.x -->
	<msg id='3' display='false' source='trc'>
		<type>LOAD_MODULE</type>
		<severity>INFO</severity>
		<timestamp>Fri May 21 01:06:35 2021</timestamp>
		<arg name='module'>/home/users/fpmjunior/ccpe/NPB/NPB3.4-OMP-autocompilingimprovements/bin/bin_intel/ua.C.x</arg>
		<arg name='basement'>0x400000</arg>
		<arg name='ceiling'>0x1179aa7</arg>
		<arg name='symtab'>yes</arg>
	</msg>
	<!-- Instrumenting image: id = 1, name = /home/users/fpmjunior/ccpe/NPB/NPB3.4-OMP-autocompilingimprovements/bin/bin_intel/ua.C.x -->
	<!-- skipping routine "pthread_getspecific", reason cannot build control-flow graph (HasDynamicJumps) -->
	<!-- skipping routine "__kmpc_for_static_fini", reason cannot build control-flow graph (HasDynamicJumps) -->
	<!-- skipping routine "__kmpc_unset_lock", reason cannot build control-flow graph (HasDynamicJumps) -->
	<!-- skipping routine "__kmpc_set_lock", reason cannot build control-flow graph (HasDynamicJumps) -->
	<!-- skipping routine "mortar_", reason cannot build control-flow graph (HasDynamicJumps) -->
	<!-- skipping routine "com_dpc_", reason cannot build control-flow graph (HasDynamicJumps) -->
	<!-- skipping routine "cos", reason cannot build control-flow graph (HasDynamicJumps) -->
	<!-- skipping routine "_intel_fast_memset", reason cannot build control-flow graph (HasDynamicJumps) -->
	<!-- skipping routine "__intel_avx_rep_memcpy", reason cannot build control-flow graph (HasDynamicJumps) -->
	<!-- skipping routine "__intel_avx_rep_memset", reason cannot build control-flow graph (HasDynamicJumps) -->
	<!-- Update image info for [2:0x7F0646F43000:YN] /lib64/ld-linux-x86-64.so.2 -->
	<msg id='4' display='false' source='trc'>
		<type>LOAD_MODULE</type>
		<severity>INFO</severity>
		<timestamp>Fri May 21 01:06:35 2021</timestamp>
		<arg name='module'>/lib64/ld-linux-x86-64.so.2</arg>
		<arg name='basement'>0x7f0646f43000</arg>
		<arg name='ceiling'>0x7f064716614f</arg>
		<arg name='symtab'>yes</arg>
	</msg>
	<!-- Instrumentation of /lib64/ld-linux-x86-64.so.2 image skipped because of filter conditions [cs-mode]. -->
	<!-- Update image info for [3:0x7FFDC67CB000:NN] [vdso] -->
	<msg id='5' display='false' source='trc'>
		<type>LOAD_MODULE</type>
		<severity>INFO</severity>
		<timestamp>Fri May 21 01:06:35 2021</timestamp>
		<arg name='module'>[vdso]</arg>
		<arg name='basement'>0x7ffdc67cb000</arg>
		<arg name='ceiling'>0x7ffdc67cbe6c</arg>
		<arg name='symtab'>no</arg>
	</msg>
	<!-- Instrumentation of [vdso] image skipped because of filter conditions [cs-mode]. -->
	<!-- Update image info for [4:0x7F063057C000:YN] /lib64/libm.so.6 -->
	<msg id='6' display='false' source='trc'>
		<type>LOAD_MODULE</type>
		<severity>INFO</severity>
		<timestamp>Fri May 21 01:06:35 2021</timestamp>
		<arg name='module'>/lib64/libm.so.6</arg>
		<arg name='basement'>0x7f063057c000</arg>
		<arg name='ceiling'>0x7f063087d137</arg>
		<arg name='symtab'>yes</arg>
	</msg>
	<!-- Instrumentation of /lib64/libm.so.6 image skipped because of filter conditions [cs-mode]. -->
	<!-- Update image info for [5:0x7F0630154000:YN] /home/intel/oneapi/compiler/2021.1.1/linux/compiler/lib/intel64_lin/libiomp5.so -->
	<msg id='7' display='false' source='trc'>
		<type>LOAD_MODULE</type>
		<severity>INFO</severity>
		<timestamp>Fri May 21 01:06:35 2021</timestamp>
		<arg name='module'>/home/intel/oneapi/compiler/2021.1.1/linux/compiler/lib/intel64_lin/libiomp5.so</arg>
		<arg name='basement'>0x7f0630154000</arg>
		<arg name='ceiling'>0x7f063055a9df</arg>
		<arg name='symtab'>yes</arg>
	</msg>
	<!-- Instrumenting image: id = 5, name = /home/intel/oneapi/compiler/2021.1.1/linux/compiler/lib/intel64_lin/libiomp5.so -->
	<!-- skipping routine "__tls_get_addr", reason cannot build control-flow graph (HasDynamicJumps) -->
	<!-- skipping routine "__kmp_acquire_queuing_lock", reason cannot build control-flow graph (HasDynamicJumps) -->
	<!-- skipping routine "_INTERNAL222f0267::__kmp_itt_fsync_acquired_init_3_0", reason cannot build control-flow graph (HasDynamicJumps) -->
	<!-- skipping routine "__kmpc_fork_call", reason cannot build control-flow graph (HasDynamicJumps) -->
	<!-- skipping routine "__kmpc_init_lock", reason cannot build control-flow graph (HasDynamicJumps) -->
	<!-- skipping routine "__kmpc_set_lock", reason cannot build control-flow graph (HasDynamicJumps) -->
	<!-- skipping routine "__kmpc_unset_lock", reason cannot build control-flow graph (HasDynamicJumps) -->
	<!-- skipping routine "_INTERNAL006d487d::__kmp_set_indirect_lock", reason cannot build control-flow graph (HasDynamicJumps) -->
	<!-- skipping routine "_INTERNAL006d487d::__kmp_unset_indirect_lock", reason cannot build control-flow graph (HasDynamicJumps) -->
	<!-- skipping routine "__intel_avx_rep_memset", reason cannot build control-flow graph (HasDynamicJumps) -->
	<!-- Update image info for [6:0x7F062FF38000:YN] /lib64/libpthread.so.0 -->
	<msg id='8' display='false' source='trc'>
		<type>LOAD_MODULE</type>
		<severity>INFO</severity>
		<timestamp>Fri May 21 01:06:35 2021</timestamp>
		<arg name='module'>/lib64/libpthread.so.0</arg>
		<arg name='basement'>0x7f062ff38000</arg>
		<arg name='ceiling'>0x7f0630153487</arg>
		<arg name='symtab'>yes</arg>
	</msg>
	<!-- Instrumentation of /lib64/libpthread.so.0 image skipped because of filter conditions. -->
	<!-- Update image info for [7:0x7F062FB69000:YN] /lib64/libc.so.6 -->
	<msg id='9' display='false' source='trc'>
		<type>LOAD_MODULE</type>
		<severity>INFO</severity>
		<timestamp>Fri May 21 01:06:35 2021</timestamp>
		<arg name='module'>/lib64/libc.so.6</arg>
		<arg name='basement'>0x7f062fb69000</arg>
		<arg name='ceiling'>0x7f062ff361ff</arg>
		<arg name='symtab'>yes</arg>
	</msg>
	<!-- Instrumentation of /lib64/libc.so.6 image skipped because of filter conditions. -->
	<!-- Update image info for [8:0x7F062F951000:YN] /usr/local/gcc-10.2.0/lib64/libgcc_s.so.1 -->
	<msg id='10' display='false' source='trc'>
		<type>LOAD_MODULE</type>
		<severity>INFO</severity>
		<timestamp>Fri May 21 01:06:35 2021</timestamp>
		<arg name='module'>/usr/local/gcc-10.2.0/lib64/libgcc_s.so.1</arg>
		<arg name='basement'>0x7f062f951000</arg>
		<arg name='ceiling'>0x7f062fb68447</arg>
		<arg name='symtab'>yes</arg>
	</msg>
	<!-- Instrumentation of /usr/local/gcc-10.2.0/lib64/libgcc_s.so.1 image skipped because of filter conditions [cs-mode]. -->
	<!-- Update image info for [9:0x7F062F74D000:YN] /lib64/libdl.so.2 -->
	<msg id='11' display='false' source='trc'>
		<type>LOAD_MODULE</type>
		<severity>INFO</severity>
		<timestamp>Fri May 21 01:06:35 2021</timestamp>
		<arg name='module'>/lib64/libdl.so.2</arg>
		<arg name='basement'>0x7f062f74d000</arg>
		<arg name='ceiling'>0x7f062f95012f</arg>
		<arg name='symtab'>yes</arg>
	</msg>
	<!-- Instrumentation of /lib64/libdl.so.2 image skipped because of filter conditions [cs-mode]. -->
	<!-- Update image info for [10:0x7F062E607000:NN] /home/intel/oneapi/advisor/2021.1.1/lib64/runtime/libittnotify.so -->
	<msg id='12' display='false' source='trc'>
		<type>LOAD_MODULE</type>
		<severity>INFO</severity>
		<timestamp>Fri May 21 01:06:35 2021</timestamp>
		<arg name='module'>/home/intel/oneapi/advisor/2021.1.1/lib64/runtime/libittnotify.so</arg>
		<arg name='basement'>0x7f062e607000</arg>
		<arg name='ceiling'>0x7f062e81365f</arg>
		<arg name='symtab'>no</arg>
	</msg>
	<!-- __itt_pause was instrumented -->
	<!-- __itt_resume was instrumented -->
	<!-- __itt_metadata_add was instrumented -->
	<!-- Instrumentation of /home/intel/oneapi/advisor/2021.1.1/lib64/runtime/libittnotify.so image skipped because of filter conditions [cs-mode]. -->
	<!-- Update image info for [11:0x7F062E334000:NN] /home/intel/oneapi/advisor/2021.1.1/lib64/libpinjitprofiling.so -->
	<msg id='13' display='false' source='trc'>
		<type>LOAD_MODULE</type>
		<severity>INFO</severity>
		<timestamp>Fri May 21 01:06:35 2021</timestamp>
		<arg name='module'>/home/intel/oneapi/advisor/2021.1.1/lib64/libpinjitprofiling.so</arg>
		<arg name='basement'>0x7f062e334000</arg>
		<arg name='ceiling'>0x7f062e53500f</arg>
		<arg name='symtab'>no</arg>
	</msg>
	<!-- Instrumentation of /home/intel/oneapi/advisor/2021.1.1/lib64/libpinjitprofiling.so image skipped because of filter conditions [cs-mode]. -->
	<!-- Update image info for [13:0x7F062DF62000:NN] /usr/local/gcc-10.2.0/lib64/libstdc++.so.6 -->
	<msg id='14' display='false' source='trc'>
		<type>LOAD_MODULE</type>
		<severity>INFO</severity>
		<timestamp>Fri May 21 01:06:35 2021</timestamp>
		<arg name='module'>/usr/local/gcc-10.2.0/lib64/libstdc++.so.6</arg>
		<arg name='basement'>0x7f062df62000</arg>
		<arg name='ceiling'>0x7f062e32e8ff</arg>
		<arg name='symtab'>no</arg>
	</msg>
	<!-- Instrumentation of /usr/local/gcc-10.2.0/lib64/libstdc++.so.6 image skipped because of filter conditions [cs-mode]. -->
	<msg id='15' display='false' source='trc'>
		<type>UNLOAD_MODULE</type>
		<severity>INFO</severity>
		<timestamp>Fri May 21 01:14:11 2021</timestamp>
		<arg name='module'>/home/users/fpmjunior/ccpe/NPB/NPB3.4-OMP-autocompilingimprovements/bin/bin_intel/ua.C.x</arg>
	</msg>
	<msg id='16' display='false' source='trc'>
		<type>UNLOAD_MODULE</type>
		<severity>INFO</severity>
		<timestamp>Fri May 21 01:14:11 2021</timestamp>
		<arg name='module'>/lib64/ld-linux-x86-64.so.2</arg>
	</msg>
	<msg id='17' display='false' source='trc'>
		<type>UNLOAD_MODULE</type>
		<severity>INFO</severity>
		<timestamp>Fri May 21 01:14:11 2021</timestamp>
		<arg name='module'>[vdso]</arg>
	</msg>
	<msg id='18' display='false' source='trc'>
		<type>UNLOAD_MODULE</type>
		<severity>INFO</severity>
		<timestamp>Fri May 21 01:14:11 2021</timestamp>
		<arg name='module'>/lib64/libm.so.6</arg>
	</msg>
	<msg id='19' display='false' source='trc'>
		<type>UNLOAD_MODULE</type>
		<severity>INFO</severity>
		<timestamp>Fri May 21 01:14:11 2021</timestamp>
		<arg name='module'>/home/intel/oneapi/compiler/2021.1.1/linux/compiler/lib/intel64_lin/libiomp5.so</arg>
	</msg>
	<msg id='20' display='false' source='trc'>
		<type>UNLOAD_MODULE</type>
		<severity>INFO</severity>
		<timestamp>Fri May 21 01:14:11 2021</timestamp>
		<arg name='module'>/lib64/libpthread.so.0</arg>
	</msg>
	<msg id='21' display='false' source='trc'>
		<type>UNLOAD_MODULE</type>
		<severity>INFO</severity>
		<timestamp>Fri May 21 01:14:11 2021</timestamp>
		<arg name='module'>/lib64/libc.so.6</arg>
	</msg>
	<msg id='22' display='false' source='trc'>
		<type>UNLOAD_MODULE</type>
		<severity>INFO</severity>
		<timestamp>Fri May 21 01:14:11 2021</timestamp>
		<arg name='module'>/usr/local/gcc-10.2.0/lib64/libgcc_s.so.1</arg>
	</msg>
	<msg id='23' display='false' source='trc'>
		<type>UNLOAD_MODULE</type>
		<severity>INFO</severity>
		<timestamp>Fri May 21 01:14:11 2021</timestamp>
		<arg name='module'>/lib64/libdl.so.2</arg>
	</msg>
	<msg id='24' display='false' source='trc'>
		<type>UNLOAD_MODULE</type>
		<severity>INFO</severity>
		<timestamp>Fri May 21 01:14:11 2021</timestamp>
		<arg name='module'>/home/intel/oneapi/advisor/2021.1.1/lib64/runtime/libittnotify.so</arg>
	</msg>
	<msg id='25' display='false' source='trc'>
		<type>UNLOAD_MODULE</type>
		<severity>INFO</severity>
		<timestamp>Fri May 21 01:14:11 2021</timestamp>
		<arg name='module'>/home/intel/oneapi/advisor/2021.1.1/lib64/libpinjitprofiling.so</arg>
	</msg>
	<msg id='26' display='false' source='trc'>
		<type>UNLOAD_MODULE</type>
		<severity>INFO</severity>
		<timestamp>Fri May 21 01:14:11 2021</timestamp>
		<arg name='module'>DynamicCodeBin</arg>
	</msg>
	<msg id='27' display='false' source='trc'>
		<type>UNLOAD_MODULE</type>
		<severity>INFO</severity>
		<timestamp>Fri May 21 01:14:11 2021</timestamp>
		<arg name='module'>/usr/local/gcc-10.2.0/lib64/libstdc++.so.6</arg>
	</msg>
	<msg id='28' display='false' source='trc'>
		<type>PROCESS_FINISH</type>
		<severity>INFO</severity>
		<timestamp>Fri May 21 01:14:11 2021</timestamp>
		<arg name='process'>/home/users/fpmjunior/ccpe/NPB/NPB3.4-OMP-autocompilingimprovements/bin/bin_intel/ua.C.x</arg>
		<arg name='pid'>96971</arg>
		<arg name='exitcode'>0x0</arg>
	</msg>
	<!-- Application exited with code 0 -->
</log>