Date: Thu Apr 15 10:48:29 -03 2021
Host: tsubasa

>>> run ncc/bt.C.x nt=8 - successful
>>> run ncc/cg.C.x nt=8 - successful
>>> run ncc/ep.C.x nt=8 - successful
>>> run ncc/ft.C.x nt=8 - successful
*** run ncc/is.C.x nt=8 - FAILED
>>> run ncc/mg.C.x nt=8 - successful
>>> run ncc/sp.C.x nt=8 - successful
>>> run ncc/ua.C.x nt=8 - successful
>>> run intel/bt.C.x nt=8 - successful
>>> run intel/cg.C.x nt=8 - successful
>>> run intel/ep.C.x nt=8 - successful
>>> run intel/ft.C.x nt=8 - successful
*** run intel/is.C.x nt=8 - FAILED
>>> run intel/mg.C.x nt=8 - successful
*** run intel/sp.C.x nt=8 - FAILED
*** run intel/ua.C.x nt=8 - FAILED

Date: Thu Apr 15 11:18:33 -03 2021
Total number of cases: 16
Total number of FAILED cases: 4
Total number of not present cases: 0

