Date: Thu May 20 19:41:21 -03 2021
Host: tsubasa

>>> run ncc/bt.C.x nt=8 - successful
>>> run ncc/cg.C.x nt=8 - successful
>>> run ncc/ep.C.x nt=8 - successful
>>> run ncc/ft.C.x nt=8 - successful
>>> run ncc/is.C.x nt=8 - successful
>>> run ncc/mg.C.x nt=8 - successful
>>> run ncc/sp.C.x nt=8 - successful
>>> run ncc/ua.C.x nt=8 - successful
*** run intel/bt.C.x nt=8 - FAILED
*** run intel/cg.C.x nt=8 - FAILED
*** run intel/ep.C.x nt=8 - FAILED
*** run intel/ft.C.x nt=8 - FAILED
*** run intel/is.C.x nt=8 - FAILED
*** run intel/mg.C.x nt=8 - FAILED
*** run intel/sp.C.x nt=8 - FAILED
*** run intel/ua.C.x nt=8 - FAILED

Date: Thu May 20 21:26:35 -03 2021
Total number of cases: 16
Total number of FAILED cases: 8
Total number of not present cases: 0

