Date: Sáb Jul 18 19:48:07 -03 2020
Host: tsubasa

>>> run ncc/bt.B.x nt=4 - successful
>>> run ncc/cg.B.x nt=4 - successful
>>> run ncc/ep.B.x nt=4 - successful
>>> run ncc/ft.B.x nt=4 - successful
>>> run ncc/is.B.x nt=4 - successful
>>> run ncc/mg.B.x nt=4 - successful
>>> run ncc/sp.B.x nt=4 - successful
>>> run ncc/ua.B.x nt=4 - successful
>>> run ncc/bt.B.x nt=4 - successful
>>> run ncc/cg.B.x nt=4 - successful
>>> run ncc/ep.B.x nt=4 - successful
>>> run ncc/ft.B.x nt=4 - successful
>>> run ncc/is.B.x nt=4 - successful
>>> run ncc/mg.B.x nt=4 - successful
>>> run ncc/sp.B.x nt=4 - successful
>>> run ncc/ua.B.x nt=4 - successful
>>> run ncc/bt.B.x nt=4 - successful
>>> run ncc/cg.B.x nt=4 - successful
>>> run ncc/ep.B.x nt=4 - successful
>>> run ncc/ft.B.x nt=4 - successful
>>> run ncc/is.B.x nt=4 - successful
>>> run ncc/mg.B.x nt=4 - successful
>>> run ncc/sp.B.x nt=4 - successful
>>> run ncc/ua.B.x nt=4 - successful
>>> run ncc/bt.B.x nt=4 - successful
>>> run ncc/cg.B.x nt=4 - successful
>>> run ncc/ep.B.x nt=4 - successful
>>> run ncc/ft.B.x nt=4 - successful
>>> run ncc/is.B.x nt=4 - successful
>>> run ncc/mg.B.x nt=4 - successful
>>> run ncc/sp.B.x nt=4 - successful
>>> run ncc/ua.B.x nt=4 - successful
>>> run ncc/bt.B.x nt=4 - successful
>>> run ncc/cg.B.x nt=4 - successful
>>> run ncc/ep.B.x nt=4 - successful
>>> run ncc/ft.B.x nt=4 - successful
>>> run ncc/is.B.x nt=4 - successful
>>> run ncc/mg.B.x nt=4 - successful
>>> run ncc/sp.B.x nt=4 - successful
>>> run ncc/ua.B.x nt=4 - successful
>>> run intel/bt.B.x nt=4 - successful
>>> run intel/cg.B.x nt=4 - successful
>>> run intel/ep.B.x nt=4 - successful
>>> run intel/ft.B.x nt=4 - successful
>>> run intel/is.B.x nt=4 - successful
>>> run intel/mg.B.x nt=4 - successful
>>> run intel/sp.B.x nt=4 - successful
>>> run intel/ua.B.x nt=4 - successful
>>> run intel/bt.B.x nt=4 - successful
>>> run intel/cg.B.x nt=4 - successful
>>> run intel/ep.B.x nt=4 - successful
>>> run intel/ft.B.x nt=4 - successful
>>> run intel/is.B.x nt=4 - successful
>>> run intel/mg.B.x nt=4 - successful
>>> run intel/sp.B.x nt=4 - successful
>>> run intel/ua.B.x nt=4 - successful
>>> run intel/bt.B.x nt=4 - successful
>>> run intel/cg.B.x nt=4 - successful
>>> run intel/ep.B.x nt=4 - successful
>>> run intel/ft.B.x nt=4 - successful
>>> run intel/is.B.x nt=4 - successful
>>> run intel/mg.B.x nt=4 - successful
>>> run intel/sp.B.x nt=4 - successful
>>> run intel/ua.B.x nt=4 - successful
>>> run intel/bt.B.x nt=4 - successful
>>> run intel/cg.B.x nt=4 - successful
>>> run intel/ep.B.x nt=4 - successful
>>> run intel/ft.B.x nt=4 - successful
>>> run intel/is.B.x nt=4 - successful
>>> run intel/mg.B.x nt=4 - successful
>>> run intel/sp.B.x nt=4 - successful
>>> run intel/ua.B.x nt=4 - successful
>>> run intel/bt.B.x nt=4 - successful
>>> run intel/cg.B.x nt=4 - successful
>>> run intel/ep.B.x nt=4 - successful
>>> run intel/ft.B.x nt=4 - successful
>>> run intel/is.B.x nt=4 - successful
>>> run intel/mg.B.x nt=4 - successful
>>> run intel/sp.B.x nt=4 - successful
>>> run intel/ua.B.x nt=4 - successful

Date: Sáb Jul 18 20:59:22 -03 2020
Total number of cases: 80
Total number of FAILED cases: 0
Total number of not present cases: 0

