>>> make ncc/bt.C.x - successful
>>> make ncc/cg.C.x - successful
>>> make ncc/ep.C.x - successful
>>> make ncc/ft.C.x - successful
>>> make ncc/is.C.x - successful
>>> make ncc/lu.C.x - successful
>>> make ncc/mg.C.x - successful
>>> make ncc/sp.C.x - successful
>>> make ncc/ua.C.x - successful
>>> make intel/bt.C.x - successful
>>> make intel/cg.C.x - successful
>>> make intel/ep.C.x - successful
>>> make intel/ft.C.x - successful
>>> make intel/is.C.x - successful
>>> make intel/lu.C.x - successful
>>> make intel/mg.C.x - successful
>>> make intel/sp.C.x - successful
>>> make intel/ua.C.x - successful
Total number of cases: 18
Total number of FAILED cases: 0
>>> run ncc/bt.C.x nt=8 - successful
>>> run ncc/cg.C.x nt=8 - successful
>>> run ncc/ep.C.x nt=8 - successful
>>> run ncc/ft.C.x nt=8 - successful
*** run ncc/is.C.x nt=8 - FAILED
>>> run ncc/mg.C.x nt=8 - successful
>>> run ncc/sp.C.x nt=8 - successful
>>> run ncc/ua.C.x nt=8 - successful
>>> run intel/bt.C.x nt=8 - successful
>>> run intel/cg.C.x nt=8 - successful
>>> run intel/ep.C.x nt=8 - successful
>>> run intel/ft.C.x nt=8 - successful
>>> run intel/is.C.x nt=8 - successful
>>> run intel/mg.C.x nt=8 - successful
>>> run intel/sp.C.x nt=8 - successful
>>> run intel/ua.C.x nt=8 - successful
Total number of cases: 16
Total number of FAILED cases: 1
Total number of not present cases: 0
